2024-05-02 13:26:06,641 [INFO] Activator:176 - 


2024-05-02 13:26:06,649 [INFO] Activator:177 - !SESSION log4j initialized
2024-05-02 13:26:12,357 [INFO] LogOutputStream:77 - [STDOUT_REDIRECT] 
2024-05-02 13:26:13,501 [INFO] ApplicationProperties:184 - Using Application install path: C:\ST\STM32CubeIDE_1.13.2\STM32CubeIDE\plugins\com.st.stm32cube.common.mx_6.9.2.202309101412
2024-05-02 13:26:13,521 [INFO] DbMcusXml:78 - Set database path to: C:\ST\STM32CubeIDE_1.13.2\STM32CubeIDE\plugins\com.st.stm32cube.common.mx_6.9.2.202309101412\\db\/mcu/
2024-05-02 13:26:13,522 [INFO] ApiDb:274 - Set plugin database path to: C:\ST\STM32CubeIDE_1.13.2\STM32CubeIDE\plugins\com.st.stm32cube.common.mx_6.9.2.202309101412\\db\/plugins/boardmanager/
2024-05-02 13:26:13,522 [WARN] ApiDb:259 - Overriding images path with different value:  => C:\ST\STM32CubeIDE_1.13.2\STM32CubeIDE\plugins\com.st.stm32cube.common.mx_6.9.2.202309101412\\db\/plugins/mcufinder/images/
2024-05-02 13:26:13,535 [INFO] ApiDb:250 - Set database path to: C:\Users\kakareka\.stmcufinder\plugins\mcufinder//mcu/
2024-05-02 13:26:13,536 [INFO] DbMcusAds:125 - Set database path to: C:\Users\kakareka\.stmcufinder\plugins\mcufinder//mcu/
2024-05-02 13:26:13,537 [INFO] CrossReferenceDbSqlite:203 - Set database path to: C:\Users\kakareka\.stmcufinder\plugins\mcufinder//mcu/cs/
2024-05-02 13:26:13,667 [INFO] RulesReader:64 - Compatibility file has been processed (293 Rules)
2024-05-02 13:26:13,920 [INFO] DbMcusXml:78 - Set database path to: C:\ST\STM32CubeIDE_1.13.2\STM32CubeIDE\plugins\com.st.stm32cube.common.mx_6.9.2.202309101412\\db\/mcu/
2024-05-02 13:26:13,921 [INFO] ApiDb:274 - Set plugin database path to: C:\ST\STM32CubeIDE_1.13.2\STM32CubeIDE\plugins\com.st.stm32cube.common.mx_6.9.2.202309101412\\db\/plugins/boardmanager/
2024-05-02 13:26:13,921 [INFO] ApiDb:261 - Set plugin images path to: C:\ST\STM32CubeIDE_1.13.2\STM32CubeIDE\plugins\com.st.stm32cube.common.mx_6.9.2.202309101412\\db\/plugins/mcufinder/images/
2024-05-02 13:26:13,921 [WARN] DbFile:41 - Overriding database path with different value: C:\Users\kakareka\.stmcufinder\plugins\mcufinder/ => C:\Users\kakareka\.stmcufinder\plugins\mcufinder
2024-05-02 13:26:13,921 [INFO] ApiDb:250 - Set database path to: C:\Users\kakareka\.stmcufinder\plugins\mcufinder//mcu/
2024-05-02 13:26:13,921 [WARN] DbFile:41 - Overriding database path with different value: C:\Users\kakareka\.stmcufinder\plugins\mcufinder/ => C:\Users\kakareka\.stmcufinder\plugins\mcufinder
2024-05-02 13:26:13,921 [INFO] DbMcusAds:125 - Set database path to: C:\Users\kakareka\.stmcufinder\plugins\mcufinder//mcu/
2024-05-02 13:26:13,922 [WARN] DbFile:41 - Overriding database path with different value: C:\Users\kakareka\.stmcufinder\plugins\mcufinder/ => C:\Users\kakareka\.stmcufinder\plugins\mcufinder
2024-05-02 13:26:13,922 [WARN] DbFile:41 - Overriding database path with different value: C:\Users\kakareka\.stmcufinder\plugins\mcufinder/ => C:\Users\kakareka\.stmcufinder\plugins\mcufinder
2024-05-02 13:26:13,922 [INFO] CrossReferenceDbSqlite:203 - Set database path to: C:\Users\kakareka\.stmcufinder\plugins\mcufinder//mcu/cs/
2024-05-02 13:26:14,019 [INFO] MainPanel:262 - HeapMemory: 268435456
2024-05-02 13:26:14,127 [INFO] DbMcusXml:78 - Set database path to: C:\ST\STM32CubeIDE_1.13.2\STM32CubeIDE\plugins\com.st.stm32cube.common.mx_6.9.2.202309101412\\db\/mcu/
2024-05-02 13:26:14,127 [INFO] ApiDb:274 - Set plugin database path to: C:\ST\STM32CubeIDE_1.13.2\STM32CubeIDE\plugins\com.st.stm32cube.common.mx_6.9.2.202309101412\\db\/plugins/boardmanager/
2024-05-02 13:26:14,127 [INFO] ApiDb:261 - Set plugin images path to: C:\ST\STM32CubeIDE_1.13.2\STM32CubeIDE\plugins\com.st.stm32cube.common.mx_6.9.2.202309101412\\db\/plugins/mcufinder/images/
2024-05-02 13:26:14,128 [WARN] DbFile:41 - Overriding database path with different value: C:\Users\kakareka\.stmcufinder\plugins\mcufinder/ => C:\Users\kakareka\.stmcufinder\plugins\mcufinder
2024-05-02 13:26:14,128 [INFO] ApiDb:250 - Set database path to: C:\Users\kakareka\.stmcufinder\plugins\mcufinder//mcu/
2024-05-02 13:26:14,128 [WARN] DbFile:41 - Overriding database path with different value: C:\Users\kakareka\.stmcufinder\plugins\mcufinder/ => C:\Users\kakareka\.stmcufinder\plugins\mcufinder
2024-05-02 13:26:14,128 [INFO] DbMcusAds:125 - Set database path to: C:\Users\kakareka\.stmcufinder\plugins\mcufinder//mcu/
2024-05-02 13:26:14,128 [WARN] DbFile:41 - Overriding database path with different value: C:\Users\kakareka\.stmcufinder\plugins\mcufinder/ => C:\Users\kakareka\.stmcufinder\plugins\mcufinder
2024-05-02 13:26:14,128 [WARN] DbFile:41 - Overriding database path with different value: C:\Users\kakareka\.stmcufinder\plugins\mcufinder/ => C:\Users\kakareka\.stmcufinder\plugins\mcufinder
2024-05-02 13:26:14,129 [INFO] CrossReferenceDbSqlite:203 - Set database path to: C:\Users\kakareka\.stmcufinder\plugins\mcufinder//mcu/cs/
2024-05-02 13:26:14,152 [INFO] ApplicationProperties:184 - Using Application install path: C:\ST\STM32CubeIDE_1.13.2\STM32CubeIDE\plugins\com.st.stm32cube.common.mx_6.9.2.202309101412
2024-05-02 13:26:14,153 [INFO] PluginManage:196 - Search for loadable plugins [exclusion list=, ]
2024-05-02 13:26:14,154 [INFO] PluginManage:310 - Check plugin analytics
2024-05-02 13:26:14,328 [INFO] AnalyticsPlugin:253 - Accepted Software Licenses: 
2024-05-02 13:26:14,329 [INFO] AnalyticsPlugin:255 - Accepted CMSIS Pack Licenses: 
2024-05-02 13:26:14,329 [INFO] AnalyticsPlugin:257 - Accepted Firmware Licenses: FW.F7.1.17.0
2024-05-02 13:26:14,333 [INFO] PluginManage:359 - Loaded plugin analytics (category:tool,tabindex:-1)
2024-05-02 13:26:14,333 [INFO] PluginManage:310 - Check plugin cadmodel
2024-05-02 13:26:14,339 [INFO] CADModel:105 - Init CAD model plugin
2024-05-02 13:26:14,340 [INFO] PluginManage:359 - Loaded plugin cadmodel (category:power,tabindex:5)
2024-05-02 13:26:14,340 [INFO] PluginManage:310 - Check plugin clock
2024-05-02 13:26:14,351 [INFO] PluginManage:359 - Loaded plugin clock (category:base,tabindex:2)
2024-05-02 13:26:14,351 [INFO] PluginManage:310 - Check plugin ddr
2024-05-02 13:26:14,354 [INFO] PluginManage:359 - Loaded plugin ddr (category:tool,tabindex:6)
2024-05-02 13:26:14,355 [INFO] PluginManage:310 - Check plugin filemanager
2024-05-02 13:26:14,502 [INFO] PluginManage:359 - Loaded plugin filemanager (category:base,tabindex:10)
2024-05-02 13:26:14,502 [INFO] PluginManage:310 - Check plugin ipmanager
2024-05-02 13:26:14,512 [INFO] PluginManage:359 - Loaded plugin ipmanager (category:base,tabindex:5)
2024-05-02 13:26:14,513 [INFO] PluginManage:310 - Check plugin lpbam
2024-05-02 13:26:14,522 [INFO] PluginManage:359 - Loaded plugin lpbam (category:base,tabindex:0)
2024-05-02 13:26:14,522 [INFO] PluginManage:310 - Check plugin memorymap
2024-05-02 13:26:14,539 [INFO] PluginManage:359 - Loaded plugin memorymap (category:base,tabindex:4)
2024-05-02 13:26:14,539 [INFO] PluginManage:310 - Check plugin pinoutandconfiguration
2024-05-02 13:26:14,547 [INFO] PluginManage:359 - Loaded plugin pinoutandconfiguration (category:base,tabindex:1)
2024-05-02 13:26:14,548 [INFO] PluginManage:310 - Check plugin pinoutconfig
2024-05-02 13:26:14,648 [WARN] SupportedApi:132 - Cannot load RTOS API schema: s4s-elt-must-match.1: The content of 'definitions' must match (annotation?, (simpleType | complexType)?, (unique | key | keyref)*)). A problem was found starting at: attribute.
2024-05-02 13:26:14,799 [INFO] PluginManage:359 - Loaded plugin pinoutconfig (category:base,tabindex:0)
2024-05-02 13:26:14,800 [INFO] PluginManage:310 - Check plugin power
2024-05-02 13:26:14,812 [INFO] PluginManage:359 - Loaded plugin power (category:power,tabindex:4)
2024-05-02 13:26:14,812 [INFO] PluginManage:310 - Check plugin projectmanager
2024-05-02 13:26:14,828 [INFO] PluginManage:359 - Loaded plugin projectmanager (category:projectmanager,tabindex:3)
2024-05-02 13:26:14,829 [INFO] PluginManage:310 - Check plugin thirdparty
2024-05-02 13:26:14,972 [INFO] PluginManage:359 - Loaded plugin thirdparty (category:base,tabindex:-1)
2024-05-02 13:26:14,972 [WARN] IntegrityCheckThread:84 - waiting for thirdparty lock release [integrity check]
2024-05-02 13:26:14,973 [INFO] PluginManage:310 - Check plugin tools
2024-05-02 13:26:14,973 [INFO] IntegrityCheckThread:86 - entering critical section [integrity check]
2024-05-02 13:26:14,973 [INFO] ThirdPartyUpdaterWithRetryManager:70 - Updater plugin not ready yet. [1/15]
2024-05-02 13:26:14,976 [INFO] PluginManage:359 - Loaded plugin tools (category:base,tabindex:7)
2024-05-02 13:26:14,976 [INFO] PluginManage:310 - Check plugin tutovideos
2024-05-02 13:26:15,186 [INFO] PluginManage:359 - Loaded plugin tutovideos (category:base,tabindex:-1)
2024-05-02 13:26:15,186 [INFO] PluginManage:310 - Check plugin updater
2024-05-02 13:26:15,199 [INFO] PluginManage:359 - Loaded plugin updater (category:base,tabindex:12)
2024-05-02 13:26:15,199 [INFO] PluginManage:310 - Check plugin userauth
2024-05-02 13:26:15,205 [INFO] UserAuth:113 - Init User Auth plugin
2024-05-02 13:26:15,205 [INFO] PluginManage:359 - Loaded plugin userauth (category:base,tabindex:14)
2024-05-02 13:26:15,206 [INFO] PluginManage:283 - PluginManage : Loaded plugins [17]
2024-05-02 13:26:15,467 [INFO] PinOutPanel:1499 - setPackage(No Configuration,No Configuration)
2024-05-02 13:26:15,597 [INFO] CADModel:165 - CPN selected for project level
2024-05-02 13:26:15,598 [INFO] CADModel:114 - Register for checkConnection events
2024-05-02 13:26:15,617 [INFO] IPUIPlugin:80 - create IPUIPlugin
2024-05-02 13:26:15,617 [INFO] PluginManager:220 - loadIPPluginJar : add adc
2024-05-02 13:26:15,620 [INFO] IPUIPlugin:80 - create IPUIPlugin
2024-05-02 13:26:15,620 [INFO] PluginManager:220 - loadIPPluginJar : add aes
2024-05-02 13:26:15,623 [INFO] IPUIPlugin:80 - create IPUIPlugin
2024-05-02 13:26:15,623 [INFO] PluginManager:220 - loadIPPluginJar : add can
2024-05-02 13:26:15,625 [INFO] IPUIPlugin:80 - create IPUIPlugin
2024-05-02 13:26:15,625 [INFO] PluginManager:220 - loadIPPluginJar : add comp
2024-05-02 13:26:15,628 [INFO] IPUIPlugin:80 - create IPUIPlugin
2024-05-02 13:26:15,628 [INFO] PluginManager:220 - loadIPPluginJar : add cryp
2024-05-02 13:26:15,630 [INFO] IPUIPlugin:80 - create IPUIPlugin
2024-05-02 13:26:15,631 [INFO] PluginManager:220 - loadIPPluginJar : add dfsdm
2024-05-02 13:26:15,636 [INFO] IPUIPlugin:80 - create IPUIPlugin
2024-05-02 13:26:15,637 [INFO] PluginManager:220 - loadIPPluginJar : add dma
2024-05-02 13:26:15,640 [INFO] IPUIPlugin:80 - create IPUIPlugin
2024-05-02 13:26:15,640 [INFO] PluginManager:220 - loadIPPluginJar : add dma3
2024-05-02 13:26:15,641 [INFO] IPUIPlugin:80 - create IPUIPlugin
2024-05-02 13:26:15,641 [INFO] PluginManager:220 - loadIPPluginJar : add fatfs
2024-05-02 13:26:15,646 [INFO] IPUIPlugin:80 - create IPUIPlugin
2024-05-02 13:26:15,646 [INFO] PluginManager:220 - loadIPPluginJar : add fmc
2024-05-02 13:26:15,652 [INFO] IPUIPlugin:80 - create IPUIPlugin
2024-05-02 13:26:15,652 [INFO] PluginManager:220 - loadIPPluginJar : add freertos
2024-05-02 13:26:15,653 [INFO] IPUIPlugin:80 - create IPUIPlugin
2024-05-02 13:26:15,653 [INFO] PluginManager:220 - loadIPPluginJar : add genericplugin
2024-05-02 13:26:15,655 [INFO] IPUIPlugin:80 - create IPUIPlugin
2024-05-02 13:26:15,655 [INFO] PluginManager:220 - loadIPPluginJar : add gfxmmu
2024-05-02 13:26:15,661 [INFO] IPUIPlugin:80 - create IPUIPlugin
2024-05-02 13:26:15,661 [INFO] PluginManager:220 - loadIPPluginJar : add gic
2024-05-02 13:26:15,664 [INFO] IPUIPlugin:80 - create IPUIPlugin
2024-05-02 13:26:15,664 [INFO] PluginManager:220 - loadIPPluginJar : add gpio
2024-05-02 13:26:15,667 [INFO] IPUIPlugin:80 - create IPUIPlugin
2024-05-02 13:26:15,667 [INFO] PluginManager:220 - loadIPPluginJar : add gtzc
2024-05-02 13:26:15,669 [INFO] IPUIPlugin:80 - create IPUIPlugin
2024-05-02 13:26:15,669 [INFO] PluginManager:220 - loadIPPluginJar : add hash
2024-05-02 13:26:15,673 [INFO] IPUIPlugin:80 - create IPUIPlugin
2024-05-02 13:26:15,673 [INFO] PluginManager:220 - loadIPPluginJar : add i2c
2024-05-02 13:26:15,675 [INFO] IPUIPlugin:80 - create IPUIPlugin
2024-05-02 13:26:15,675 [INFO] PluginManager:220 - loadIPPluginJar : add i2s
2024-05-02 13:26:15,678 [INFO] IPUIPlugin:80 - create IPUIPlugin
2024-05-02 13:26:15,678 [INFO] PluginManager:220 - loadIPPluginJar : add i3c
2024-05-02 13:26:15,681 [INFO] IPUIPlugin:80 - create IPUIPlugin
2024-05-02 13:26:15,681 [INFO] PluginManager:220 - loadIPPluginJar : add ipddr
2024-05-02 13:26:15,689 [INFO] IPUIPlugin:80 - create IPUIPlugin
2024-05-02 13:26:15,689 [INFO] PluginManager:220 - loadIPPluginJar : add linkedlist
2024-05-02 13:26:15,691 [INFO] IPUIPlugin:80 - create IPUIPlugin
2024-05-02 13:26:15,692 [INFO] PluginManager:220 - loadIPPluginJar : add lorawan
2024-05-02 13:26:15,693 [INFO] IPUIPlugin:80 - create IPUIPlugin
2024-05-02 13:26:15,693 [INFO] PluginManager:220 - loadIPPluginJar : add ltdc
2024-05-02 13:26:15,701 [INFO] IPUIPlugin:80 - create IPUIPlugin
2024-05-02 13:26:15,701 [INFO] PluginManager:220 - loadIPPluginJar : add mdma
2024-05-02 13:26:15,704 [INFO] IPUIPlugin:80 - create IPUIPlugin
2024-05-02 13:26:15,705 [INFO] PluginManager:220 - loadIPPluginJar : add nvic
2024-05-02 13:26:15,707 [INFO] IPUIPlugin:80 - create IPUIPlugin
2024-05-02 13:26:15,708 [INFO] PluginManager:220 - loadIPPluginJar : add opamp
2024-05-02 13:26:15,711 [INFO] IPUIPlugin:80 - create IPUIPlugin
2024-05-02 13:26:15,711 [INFO] PluginManager:220 - loadIPPluginJar : add openamp
2024-05-02 13:26:15,713 [INFO] IPUIPlugin:80 - create IPUIPlugin
2024-05-02 13:26:15,713 [INFO] PluginManager:220 - loadIPPluginJar : add pdm2pcm
2024-05-02 13:26:15,720 [INFO] IPUIPlugin:80 - create IPUIPlugin
2024-05-02 13:26:15,722 [INFO] PluginManager:220 - loadIPPluginJar : add plateformsettings
2024-05-02 13:26:15,724 [INFO] IPUIPlugin:80 - create IPUIPlugin
2024-05-02 13:26:15,724 [INFO] PluginManager:220 - loadIPPluginJar : add quadspi
2024-05-02 13:26:15,728 [INFO] IPUIPlugin:80 - create IPUIPlugin
2024-05-02 13:26:15,728 [INFO] PluginManager:220 - loadIPPluginJar : add resmgrutility
2024-05-02 13:26:15,731 [INFO] IPUIPlugin:80 - create IPUIPlugin
2024-05-02 13:26:15,732 [INFO] PluginManager:220 - loadIPPluginJar : add sai
2024-05-02 13:26:15,734 [INFO] IPUIPlugin:80 - create IPUIPlugin
2024-05-02 13:26:15,735 [INFO] PluginManager:220 - loadIPPluginJar : add spi
2024-05-02 13:26:15,740 [INFO] IPUIPlugin:80 - create IPUIPlugin
2024-05-02 13:26:15,740 [INFO] PluginManager:220 - loadIPPluginJar : add stm32_wpan
2024-05-02 13:26:15,742 [INFO] IPUIPlugin:80 - create IPUIPlugin
2024-05-02 13:26:15,742 [INFO] PluginManager:220 - loadIPPluginJar : add tim
2024-05-02 13:26:15,745 [INFO] IPUIPlugin:80 - create IPUIPlugin
2024-05-02 13:26:15,745 [INFO] PluginManager:220 - loadIPPluginJar : add touchsensing
2024-05-02 13:26:15,747 [INFO] IPUIPlugin:80 - create IPUIPlugin
2024-05-02 13:26:15,747 [INFO] PluginManager:220 - loadIPPluginJar : add tracer_emb
2024-05-02 13:26:15,749 [INFO] IPUIPlugin:80 - create IPUIPlugin
2024-05-02 13:26:15,749 [INFO] PluginManager:220 - loadIPPluginJar : add ts
2024-05-02 13:26:15,751 [INFO] IPUIPlugin:80 - create IPUIPlugin
2024-05-02 13:26:15,751 [INFO] PluginManager:220 - loadIPPluginJar : add tsc
2024-05-02 13:26:15,753 [INFO] IPUIPlugin:80 - create IPUIPlugin
2024-05-02 13:26:15,753 [INFO] PluginManager:220 - loadIPPluginJar : add ucpd
2024-05-02 13:26:15,756 [INFO] IPUIPlugin:80 - create IPUIPlugin
2024-05-02 13:26:15,756 [INFO] PluginManager:220 - loadIPPluginJar : add usart
2024-05-02 13:26:15,759 [INFO] IPUIPlugin:80 - create IPUIPlugin
2024-05-02 13:26:15,759 [INFO] PluginManager:220 - loadIPPluginJar : add usbx
2024-05-02 13:26:15,892 [INFO] CADModel:165 - CPN selected for project level
2024-05-02 13:26:15,892 [INFO] CADModel:114 - Register for checkConnection events
2024-05-02 13:26:15,892 [FATAL] Updater:308 - Updater called before beeing initialized
2024-05-02 13:26:15,892 [ERROR] CADModel:125 - Updater not yet initialized, retry later 
2024-05-02 13:26:16,051 [INFO] CADModel:165 - CPN selected for project level
2024-05-02 13:26:16,051 [INFO] CADModel:114 - Register for checkConnection events
2024-05-02 13:26:16,051 [FATAL] Updater:308 - Updater called before beeing initialized
2024-05-02 13:26:16,051 [ERROR] CADModel:125 - Updater not yet initialized, retry later 
2024-05-02 13:26:16,055 [FATAL] Updater:308 - Updater called before beeing initialized
2024-05-02 13:26:16,169 [FATAL] Updater:308 - Updater called before beeing initialized
2024-05-02 13:26:16,176 [INFO] DbMcusAds:53 - JSON generation date=Wed Nov 29 05:52:27 EST 2023 (1701255147349)
2024-05-02 13:26:16,176 [FATAL] Updater:308 - Updater called before beeing initialized
2024-05-02 13:26:16,224 [WARN] DetailPanel:346 - Failed to get advertising image, set to default
2024-05-02 13:26:16,344 [FATAL] Updater:308 - Updater called before beeing initialized
2024-05-02 13:26:16,347 [FATAL] Updater:308 - Updater called before beeing initialized
2024-05-02 13:26:16,347 [FATAL] Updater:308 - Updater called before beeing initialized
2024-05-02 13:26:16,347 [WARN] DetailPanel:346 - Failed to get advertising image, set to default
2024-05-02 13:26:16,348 [FATAL] Updater:308 - Updater called before beeing initialized
2024-05-02 13:26:16,397 [ERROR] Updater:1120 - MainUpdater not yet initialized. External WinMGr cannot be set.
2024-05-02 13:26:16,399 [INFO] Updater:1056 - Updater Version found : 6.9.2
2024-05-02 13:26:16,422 [INFO] ApplicationProperties:184 - Using Application install path: C:\ST\STM32CubeIDE_1.13.2\STM32CubeIDE\plugins\com.st.stm32cube.common.mx_6.9.2.202309101412
2024-05-02 13:26:16,566 [INFO] MainUpdater:2868 - connection check result : 10
2024-05-02 13:26:16,567 [INFO] MainUpdater:285 - Updater Check For Update Now.
2024-05-02 13:26:16,567 [INFO] MicroXplorer:498 - Change Database Version : DB.6.0.92
2024-05-02 13:26:16,577 [INFO] McuFinderGlobals:63 - Set McuFinder mode to 2 (CubeIDE integrated)
2024-05-02 13:26:16,756 [INFO] CheckServerUpdateThread:120 - End of CheckServer Thread
2024-05-02 13:26:18,270 [WARN] PackLoader:240 - Cannot read IP mode file for STMicroelectronics.FP-SNS-MOTENVWB1.1.4.0
2024-05-02 13:26:18,284 [WARN] PackLoader:240 - Cannot read IP mode file for STMicroelectronics.X-CUBE-SMBUS.2.1.0
2024-05-02 13:26:18,290 [WARN] PackLoader:240 - Cannot read IP mode file for STMicroelectronics.X-CUBE-TOUCHGFX.4.23.0
2024-05-02 13:26:18,293 [WARN] PackLoader:240 - Cannot read IP mode file for STMicroelectronics.X-CUBE-TOUCHGFX.4.23.2
2024-05-02 13:26:18,324 [WARN] PackLoader:240 - Cannot read IP mode file for STMicroelectronics.X-CUBE-AZRTOS-F7.1.1.0
2024-05-02 13:26:18,338 [WARN] PackLoader:240 - Cannot read IP mode file for STMicroelectronics.FP-SNS-MOTENV1.4.3.2
2024-05-02 13:26:18,345 [ERROR] RealEvaluatedCondition:428 - Found unsupported composite condition: GROUP='STM32_MetaDataManager' CLASS='Data Exchange'
2024-05-02 13:26:18,345 [ERROR] RealEvaluatedCondition:428 - Found unsupported composite condition: CLASS='Data Exchange' GROUP='STM32_MetaDataManager'
2024-05-02 13:26:18,347 [WARN] PackLoader:240 - Cannot read IP mode file for STMicroelectronics.FP-SNS-MOTENV1.4.3.1
2024-05-02 13:26:18,355 [WARN] PackLoader:240 - Cannot read IP mode file for STMicroelectronics.FP-SNS-FLIGHT1.5.0.1
2024-05-02 13:26:18,366 [WARN] PackLoader:240 - Cannot read IP mode file for STMicroelectronics.X-CUBE-BLE1.6.2.3
2024-05-02 13:26:18,372 [WARN] PackLoader:240 - Cannot read IP mode file for STMicroelectronics.X-CUBE-BLE1.6.2.4
2024-05-02 13:26:18,377 [WARN] PackLoader:240 - Cannot read IP mode file for STMicroelectronics.FP-SNS-FLIGHT1.5.0.2
2024-05-02 13:26:18,387 [WARN] PackLoader:240 - Cannot read IP mode file for STMicroelectronics.X-CUBE-DISPLAY.3.0.0
2024-05-02 13:26:18,397 [WARN] PackLoader:240 - Cannot read IP mode file for STMicroelectronics.X-CUBE-BLE1.7.0.0
2024-05-02 13:26:18,405 [WARN] PackLoader:240 - Cannot read IP mode file for emotas.I-CUBE-CANOPEN.1.3.0
2024-05-02 13:26:18,409 [WARN] PackLoader:240 - Cannot read IP mode file for STMicroelectronics.X-CUBE-TOUCHGFX.4.22.0
2024-05-02 13:26:18,412 [WARN] PackLoader:240 - Cannot read IP mode file for STMicroelectronics.X-CUBE-TOUCHGFX.4.22.1
2024-05-02 13:26:18,468 [WARN] PackLoader:240 - Cannot read IP mode file for STMicroelectronics.X-CUBE-MEMS1.9.3.0
2024-05-02 13:26:18,598 [WARN] PackLoader:240 - Cannot read IP mode file for STMicroelectronics.X-CUBE-BLEMGR.3.1.0
2024-05-02 13:26:18,606 [WARN] PackLoader:240 - Cannot read IP mode file for STMicroelectronics.FP-SNS-SMARTAG2.1.2.0
2024-05-02 13:26:18,616 [INFO] LogOutputStream:77 - [STDOUT_REDIRECT] 1 : Invalid condition id : UX_CORESTACK_Condition cause : null
2024-05-02 13:26:18,617 [INFO] LogOutputStream:77 - [STDOUT_REDIRECT] 1 : Invalid condition id : UX_CORESTACK_Condition cause : null
2024-05-02 13:26:18,618 [INFO] LogOutputStream:77 - [STDOUT_REDIRECT] 1 : Invalid condition id : UX_CORESTACK_Condition cause : null
2024-05-02 13:26:18,620 [INFO] LogOutputStream:77 - [STDOUT_REDIRECT] 1 : Invalid condition id : UX_CORESTACK_Condition cause : null
2024-05-02 13:26:18,621 [INFO] LogOutputStream:77 - [STDOUT_REDIRECT] 1 : Invalid condition id : UX_CORESTACK_Condition cause : null
2024-05-02 13:26:18,624 [WARN] PackLoader:240 - Cannot read IP mode file for STMicroelectronics.X-CUBE-AZRTOS-WL.2.0.0
2024-05-02 13:26:18,630 [WARN] PackLoader:240 - Cannot read IP mode file for STMicroelectronics.FP-SNS-MOTENV1.5.0.0
2024-05-02 13:26:18,640 [WARN] PackLoader:240 - Cannot read IP mode file for WES.I-CUBE-Cesium.1.3.0
2024-05-02 13:26:18,646 [WARN] PackLoader:240 - Cannot read IP mode file for STMicroelectronics.X-CUBE-BLE2.3.3.0
2024-05-02 13:26:18,651 [WARN] PackLoader:240 - Cannot read IP mode file for STMicroelectronics.X-CUBE-DISPLAY.2.2.0
2024-05-02 13:26:18,663 [WARN] PackLoader:240 - Cannot read IP mode file for STMicroelectronics.X-CUBE-TOF1.3.2.0
2024-05-02 13:26:18,675 [WARN] PackLoader:240 - Cannot read IP mode file for STMicroelectronics.X-CUBE-ISPU.1.0.0
2024-05-02 13:26:18,692 [WARN] PackLoader:240 - Cannot read IP mode file for STMicroelectronics.X-CUBE-AZRTOS-H7.2.1.0
2024-05-02 13:26:18,700 [WARN] PackLoader:240 - Cannot read IP mode file for STMicroelectronics.X-CUBE-TCPP.4.1.0
2024-05-02 13:26:18,706 [WARN] PackLoader:240 - Cannot read IP mode file for STMicroelectronics.X-CUBE-TOUCHGFX.4.21.1
2024-05-02 13:26:18,709 [WARN] PackLoader:240 - Cannot read IP mode file for STMicroelectronics.X-CUBE-TOUCHGFX.4.21.3
2024-05-02 13:26:18,713 [WARN] PackLoader:240 - Cannot read IP mode file for STMicroelectronics.X-CUBE-TOUCHGFX.4.21.4
2024-05-02 13:26:18,742 [WARN] PackLoader:240 - Cannot read IP mode file for STMicroelectronics.X-CUBE-MEMS1.9.4.0
2024-05-02 13:26:18,840 [WARN] PackLoader:240 - Cannot read IP mode file for STMicroelectronics.X-CUBE-AI.7.3.0
2024-05-02 13:26:18,846 [WARN] PackLoader:240 - Cannot read IP mode file for STMicroelectronics.X-CUBE-ALGOBUILD.1.3.0
2024-05-02 13:26:18,861 [WARN] PackLoader:240 - Cannot read IP mode file for STMicroelectronics.X-CUBE-AZRTOS-G0.1.1.0
2024-05-02 13:26:18,869 [WARN] PackLoader:240 - Cannot read IP mode file for STMicroelectronics.X-CUBE-SAFEA1.1.2.2
2024-05-02 13:26:18,876 [WARN] PackLoader:240 - Cannot read IP mode file for STMicroelectronics.X-CUBE-NFC4.3.0.0
2024-05-02 13:26:18,906 [WARN] PackLoader:240 - Cannot read IP mode file for SEGGER.I-CUBE-embOS.1.2.1
2024-05-02 13:26:18,940 [WARN] PackLoader:240 - Cannot read IP mode file for STMicroelectronics.X-CUBE-BLEMGR.3.0.0
2024-05-02 13:26:18,949 [WARN] PackLoader:240 - Cannot read IP mode file for STMicroelectronics.X-CUBE-BLEMGR.1.3.0
2024-05-02 13:26:18,954 [WARN] PackLoader:240 - Cannot read IP mode file for STMicroelectronics.FP-ATR-SIGFOX1.3.2.0
2024-05-02 13:26:18,960 [WARN] PackLoader:240 - Cannot read IP mode file for STMicroelectronics.X-CUBE-EEPRMA1.5.1.0
2024-05-02 13:26:18,967 [WARN] PackLoader:240 - Cannot read IP mode file for emotas.I-CUBE-CANOPEN.1.1.2
2024-05-02 13:26:18,970 [WARN] PackLoader:240 - Cannot read IP mode file for STMicroelectronics.X-CUBE-TOUCHGFX.4.20.0
2024-05-02 13:26:18,999 [WARN] PackLoader:240 - Cannot read IP mode file for STMicroelectronics.X-CUBE-MEMS1.9.5.0
2024-05-02 13:26:19,120 [WARN] PackLoader:240 - Cannot read IP mode file for SEGGER.I-CUBE-embOS.1.3.1
2024-05-02 13:26:19,148 [WARN] PackLoader:240 - Cannot read IP mode file for STMicroelectronics.X-CUBE-GNSS1.6.0.0
2024-05-02 13:26:19,162 [WARN] PackLoader:240 - Cannot read IP mode file for STMicroelectronics.X-CUBE-AZRTOS-F4.1.1.0
2024-05-02 13:26:19,170 [WARN] PackLoader:240 - Cannot read IP mode file for wolfSSL.I-CUBE-wolfSSL.5.6.3
2024-05-02 13:26:19,176 [WARN] PackLoader:240 - Cannot read IP mode file for STMicroelectronics.X-CUBE-FREERTOS.1.2.0
2024-05-02 13:26:19,181 [WARN] PackLoader:240 - Cannot read IP mode file for STMicroelectronics.X-CUBE-BLEMGR.1.2.0
2024-05-02 13:26:19,197 [WARN] PackLoader:240 - Cannot read IP mode file for STMicroelectronics.X-CUBE-AZRTOS-L5.2.0.0
2024-05-02 13:26:19,228 [WARN] PackLoader:240 - Cannot read IP mode file for STMicroelectronics.X-CUBE-MEMS1.9.6.0
2024-05-02 13:26:19,339 [WARN] PackLoader:240 - Cannot read IP mode file for STMicroelectronics.X-CUBE-EEPRMA1.4.2.0
2024-05-02 13:26:19,347 [WARN] PackLoader:240 - Cannot read IP mode file for STMicroelectronics.X-CUBE-NFC6.3.1.0
2024-05-02 13:26:19,354 [WARN] PackLoader:240 - Cannot read IP mode file for ITTIA_DB.I-CUBE-ITTIADB.8.8.0
2024-05-02 13:26:19,361 [WARN] PackLoader:240 - Cannot read IP mode file for STMicroelectronics.X-CUBE-BLEMGR.2.0.0
2024-05-02 13:26:19,367 [WARN] PackLoader:240 - Cannot read IP mode file for STMicroelectronics.X-CUBE-NFC4.2.0.5
2024-05-02 13:26:19,372 [WARN] PackLoader:240 - Cannot read IP mode file for STMicroelectronics.X-CUBE-NFC4.2.0.4
2024-05-02 13:26:19,376 [WARN] PackLoader:240 - Cannot read IP mode file for STMicroelectronics.X-CUBE-AI.9.0.0
2024-05-02 13:26:19,388 [WARN] ConditionMgr:438 - getConditionDescription Invalid condition id : UX DEVICE CLASS RTOS Condition cause : null
2024-05-02 13:26:19,389 [WARN] ConditionMgr:438 - getConditionDescription Invalid condition id : UX DEVICE CLASS RTOS Condition cause : null
2024-05-02 13:26:19,391 [WARN] PackLoader:240 - Cannot read IP mode file for STMicroelectronics.X-CUBE-AZRTOS-H7.3.1.0
2024-05-02 13:26:19,392 [WARN] ConditionMgr:1039 - genDependencies : Invalid condition id : UX DEVICE CLASS RTOS Condition cause : null
2024-05-02 13:26:19,392 [WARN] ConditionMgr:1039 - genDependencies : Invalid condition id : UX DEVICE CLASS RTOS Condition cause : null
2024-05-02 13:26:19,393 [WARN] ConditionMgr:1039 - genDependencies : Invalid condition id : UX DEVICE CLASS RTOS Condition cause : null
2024-05-02 13:26:19,393 [WARN] ConditionMgr:1039 - genDependencies : Invalid condition id : UX DEVICE CLASS RTOS Condition cause : null
2024-05-02 13:26:19,393 [WARN] ConditionMgr:1039 - genDependencies : Invalid condition id : UX DEVICE CLASS RTOS Condition cause : null
2024-05-02 13:26:19,399 [WARN] PackLoader:240 - Cannot read IP mode file for wolfSSL.I-CUBE-wolfSSL.5.5.1
2024-05-02 13:26:19,404 [WARN] PackLoader:240 - Cannot read IP mode file for STMicroelectronics.X-CUBE-NFC7.1.0.1
2024-05-02 13:26:19,409 [WARN] PackLoader:240 - Cannot read IP mode file for STMicroelectronics.X-CUBE-NFC7.1.0.0
2024-05-02 13:26:19,415 [WARN] PackLoader:240 - Cannot read IP mode file for STMicroelectronics.X-CUBE-NFC6.3.0.0
2024-05-02 13:26:19,421 [WARN] PackLoader:240 - Cannot read IP mode file for STMicroelectronics.X-CUBE-EEPRMA1.4.1.0
2024-05-02 13:26:19,425 [WARN] PackLoader:240 - Cannot read IP mode file for STMicroelectronics.X-CUBE-AI.8.1.0
2024-05-02 13:26:19,439 [WARN] ConditionMgr:438 - getConditionDescription Invalid condition id : LAN8742 Phy interface Condition cause : null
2024-05-02 13:26:19,440 [WARN] PackLoader:240 - Cannot read IP mode file for STMicroelectronics.X-CUBE-AZRTOS-L4.2.0.0
2024-05-02 13:26:19,441 [WARN] ConditionMgr:1039 - genDependencies : Invalid condition id : LAN8742 Phy interface Condition cause : null
2024-05-02 13:26:19,442 [WARN] ConditionMgr:1039 - genDependencies : Invalid condition id : LAN8742 Phy interface Condition cause : null
2024-05-02 13:26:19,442 [WARN] ConditionMgr:1039 - genDependencies : Invalid condition id : LAN8742 Phy interface Condition cause : null
2024-05-02 13:26:19,449 [WARN] PackLoader:240 - Cannot read IP mode file for STMicroelectronics.X-CUBE-SFXS2LP1.4.0.0
2024-05-02 13:26:19,463 [WARN] PackLoader:240 - Cannot read IP mode file for STMicroelectronics.X-CUBE-AZRTOS-H7.3.0.0
2024-05-02 13:26:19,469 [WARN] PackLoader:240 - Cannot read IP mode file for STMicroelectronics.X-CUBE-ISPU.1.1.0
2024-05-02 13:26:19,476 [WARN] PackLoader:240 - Cannot read IP mode file for RoweBots.I-CUBE-UNISONRTOS.5.5.0-4
2024-05-02 13:26:19,480 [WARN] PackLoader:240 - Cannot read IP mode file for STMicroelectronics.X-CUBE-AI.8.0.0
2024-05-02 13:26:19,490 [WARN] ConditionMgr:438 - getConditionDescription Invalid condition id : UX DEVICE CLASS RTOS Condition cause : null
2024-05-02 13:26:19,490 [WARN] ConditionMgr:438 - getConditionDescription Invalid condition id : UX DEVICE CLASS RTOS Condition cause : null
2024-05-02 13:26:19,492 [WARN] PackLoader:240 - Cannot read IP mode file for STMicroelectronics.X-CUBE-AZRTOS-WB.2.0.0
2024-05-02 13:26:19,492 [WARN] ConditionMgr:1039 - genDependencies : Invalid condition id : UX DEVICE CLASS RTOS Condition cause : null
2024-05-02 13:26:19,493 [WARN] ConditionMgr:1039 - genDependencies : Invalid condition id : UX DEVICE CLASS RTOS Condition cause : null
2024-05-02 13:26:19,493 [WARN] ConditionMgr:1039 - genDependencies : Invalid condition id : UX DEVICE CLASS RTOS Condition cause : null
2024-05-02 13:26:19,493 [WARN] ConditionMgr:1039 - genDependencies : Invalid condition id : UX DEVICE CLASS RTOS Condition cause : null
2024-05-02 13:26:19,493 [WARN] ConditionMgr:1039 - genDependencies : Invalid condition id : UX DEVICE CLASS RTOS Condition cause : null
2024-05-02 13:26:19,498 [WARN] PackLoader:240 - Cannot read IP mode file for STMicroelectronics.X-CUBE-FREERTOS.1.0.0
2024-05-02 13:26:19,502 [WARN] PackLoader:240 - Cannot read IP mode file for STMicroelectronics.X-CUBE-FREERTOS.1.0.1
2024-05-02 13:26:19,512 [WARN] PackLoader:240 - Cannot read IP mode file for STMicroelectronics.X-CUBE-AZRTOS-L5.1.1.0
2024-05-02 13:26:19,518 [WARN] PackLoader:240 - Cannot read IP mode file for STMicroelectronics.X-CUBE-AI.8.0.1
2024-05-02 13:26:19,526 [WARN] PackLoader:240 - Cannot read IP mode file for STMicroelectronics.X-CUBE-SUBG2.5.0.0
2024-05-02 13:26:19,536 [WARN] PackLoader:240 - Cannot read IP mode file for STMicroelectronics.X-CUBE-TOF1.3.3.1
2024-05-02 13:26:19,557 [WARN] PackLoader:240 - Cannot read IP mode file for STMicroelectronics.X-CUBE-AZRTOS-G4.2.0.0
2024-05-02 13:26:19,565 [WARN] PackLoader:240 - Cannot read IP mode file for STMicroelectronics.X-CUBE-TOF1.3.3.0
2024-05-02 13:26:19,575 [WARN] PackLoader:240 - Cannot read IP mode file for STMicroelectronics.FP-ATR-ASTRA1.1.1.1
2024-05-02 13:26:19,587 [WARN] PackLoader:240 - Cannot read IP mode file for Infineon.AIROC-Wi-Fi-Bluetooth-STM32.1.5.1
2024-05-02 13:26:19,592 [WARN] PackLoader:240 - Cannot read IP mode file for STMicroelectronics.FP-SNS-MOTENVWB1.1.3.0
2024-05-02 13:26:19,597 [WARN] PackLoader:240 - Cannot read IP mode file for STMicroelectronics.FP-SNS-MOTENVWB1.1.3.1
2024-05-02 13:26:19,607 [WARN] PackLoader:240 - Cannot read IP mode file for STMicroelectronics.X-CUBE-AZRTOS-G4.1.0.0
2024-05-02 13:26:19,622 [WARN] PackLoader:240 - Cannot read IP mode file for STMicroelectronics.X-CUBE-AZRTOS-L4.1.0.0
2024-05-02 13:26:19,628 [WARN] PackLoader:240 - Cannot read IP mode file for STMicroelectronics.X-CUBE-ISPU.2.0.0
2024-05-02 13:26:19,653 [WARN] PackLoader:240 - Cannot read IP mode file for STMicroelectronics.X-CUBE-MEMS1.10.0.0
2024-05-02 13:26:19,730 [WARN] PackLoader:240 - Cannot read IP mode file for STMicroelectronics.X-CUBE-FREERTOS.1.1.0
2024-05-02 13:26:19,741 [WARN] PackLoader:240 - Cannot read IP mode file for STMicroelectronics.X-CUBE-AZRTOS-WL.1.0.0
2024-05-02 13:26:19,748 [WARN] PackLoader:240 - Cannot read IP mode file for portGmbH.I-Cube-SoM-uGOAL.1.1.0
2024-05-02 13:26:19,753 [WARN] PackLoader:240 - Cannot read IP mode file for STMicroelectronics.X-CUBE-ALS.1.0.1
2024-05-02 13:26:19,763 [WARN] PackLoader:240 - Cannot read IP mode file for STMicroelectronics.X-CUBE-AZRTOS-WB.1.1.0
2024-05-02 13:26:19,775 [WARN] PackLoader:240 - Cannot read IP mode file for STMicroelectronics.X-CUBE-AZRTOS-L5.1.0.0
2024-05-02 13:26:19,780 [WARN] PackLoader:240 - Cannot read IP mode file for STMicroelectronics.X-CUBE-EEPRMA1.3.1.1
2024-05-02 13:26:19,794 [WARN] PackLoader:240 - Cannot read IP mode file for STMicroelectronics.X-CUBE-AZRTOS-H7RS.1.0.0
2024-05-02 13:26:19,799 [WARN] PackLoader:240 - Cannot read IP mode file for STMicroelectronics.FP-ATR-ASTRA1.2.0.0
2024-05-02 13:26:19,806 [WARN] PackLoader:240 - Cannot read IP mode file for STMicroelectronics.X-CUBE-TOF1.3.4.0
2024-05-02 13:26:19,820 [WARN] PackLoader:240 - Cannot read IP mode file for STMicroelectronics.X-CUBE-TOF1.3.4.1
2024-05-02 13:26:19,840 [WARN] PackLoader:240 - Cannot read IP mode file for STMicroelectronics.X-CUBE-AZRTOS-H7.3.2.0
2024-05-02 13:26:19,842 [INFO] ThirdParty:978 - Integrity check success = true
2024-05-02 13:26:19,842 [INFO] IntegrityCheckThread:100 - exiting critical section [integrity check]
2024-05-02 13:26:19,842 [INFO] IntegrityCheckThread:103 - End integrity checks thread
2024-05-02 13:26:37,390 [ERROR] LogOutputStream:75 - [STDERR_REDIRECT] SLF4J: Failed to load class "org.slf4j.impl.StaticLoggerBinder".
2024-05-02 13:26:37,390 [ERROR] LogOutputStream:75 - [STDERR_REDIRECT] SLF4J: Defaulting to no-operation (NOP) logger implementation
2024-05-02 13:26:37,392 [ERROR] LogOutputStream:75 - [STDERR_REDIRECT] SLF4J: See http://www.slf4j.org/codes.html#StaticLoggerBinder for further details.
2024-05-02 13:26:50,360 [INFO] McuFinderGlobals:63 - Set McuFinder mode to 2 (CubeIDE integrated)
2024-05-02 13:26:50,366 [INFO] MainUpdater:2868 - connection check result : 10
2024-05-02 13:26:50,367 [INFO] MainUpdater:2868 - connection check result : 10
2024-05-02 13:26:50,407 [INFO] MicroXplorer:468 - Change Database Path : 
2024-05-02 13:26:50,407 [INFO] MicroXplorer:498 - Change Database Version : DB.6.0.92
2024-05-02 13:26:50,411 [WARN] ThirdParty:871 - waiting for thirdparty lock release [close project]
2024-05-02 13:26:50,412 [INFO] ThirdParty:873 - entering critical section [close project]
2024-05-02 13:26:50,412 [INFO] ThirdParty:883 - exiting critical section [close project]
2024-05-02 13:26:50,415 [INFO] PinOutPanel:1499 - setPackage(No Configuration,No Configuration)
2024-05-02 13:26:50,420 [INFO] UtilMem:75 - Begin LoadConfig() Used Memory: 311568352 Bytes (487587840)
2024-05-02 13:26:50,421 [INFO] MicroXplorer:468 - Change Database Path : 
2024-05-02 13:26:50,422 [INFO] MicroXplorer:498 - Change Database Version : DB.6.0.92
2024-05-02 13:26:50,422 [INFO] OpenFileManager:308 - Change cursor
2024-05-02 13:26:50,448 [INFO] Mcu:1946 - Initializing MCU STM32F303K(6-8)Tx STM32F303K8Tx STM32F303K8T6
2024-05-02 13:26:51,680 [INFO] Context:659 - Trying to add GPIOservice into a context  which must be forbidden
2024-05-02 13:26:52,262 [INFO] RtosManager:555 - Registered RTOS mode: class=CMSIS, group=RTOS, mode=CMSIS_V1, owner=FREERTOS
2024-05-02 13:26:52,263 [INFO] RtosManager:555 - Registered RTOS mode: class=CMSIS, group=RTOS2, mode=CMSIS_V2, owner=FREERTOS
2024-05-02 13:26:52,263 [INFO] RtosManager:555 - Registered RTOS mode: class=RTOS, group=Core, mode=CMSIS_V1, owner=FREERTOS
2024-05-02 13:26:52,263 [INFO] RtosManager:555 - Registered RTOS mode: class=RTOS, group=Core, mode=CMSIS_V2, owner=FREERTOS
2024-05-02 13:26:52,263 [WARN] ModelIntegratedComponent:184 - Missing modes for component STMicroelectronics:FreeRTOS:0.0.1:STMicroelectronics:RTOS:FreeRTOS:Core:::10.2.0:
2024-05-02 13:26:52,270 [WARN] ModelIntegratedComponent:63 - No mode defined for component null
2024-05-02 13:26:52,270 [WARN] ModelIntegratedComponent:63 - No mode defined for component null
2024-05-02 13:26:52,270 [WARN] ModelIntegratedComponent:63 - No mode defined for component null
2024-05-02 13:26:52,270 [WARN] ModelIntegratedComponent:63 - No mode defined for component null
2024-05-02 13:26:52,271 [WARN] ModelIntegratedComponent:63 - No mode defined for component null
2024-05-02 13:26:52,271 [WARN] ModelIntegratedComponent:63 - No mode defined for component null
2024-05-02 13:26:52,271 [WARN] ModelIntegratedComponent:63 - No mode defined for component null
2024-05-02 13:26:52,271 [WARN] ModelIntegratedComponent:63 - No mode defined for component null
2024-05-02 13:26:52,271 [WARN] ModelIntegratedComponent:63 - No mode defined for component null
2024-05-02 13:26:52,271 [WARN] ModelIntegratedComponent:63 - No mode defined for component null
2024-05-02 13:26:52,271 [WARN] ModelIntegratedComponent:63 - No mode defined for component null
2024-05-02 13:26:52,271 [WARN] ModelIntegratedComponent:63 - No mode defined for component null
2024-05-02 13:26:52,271 [WARN] ModelIntegratedComponent:63 - No mode defined for component null
2024-05-02 13:26:52,271 [WARN] ModelIntegratedComponent:63 - No mode defined for component null
2024-05-02 13:26:52,271 [WARN] ModelIntegratedComponent:63 - No mode defined for component null
2024-05-02 13:26:52,271 [WARN] ModelIntegratedComponent:63 - No mode defined for component null
2024-05-02 13:26:52,271 [WARN] ModelIntegratedComponent:63 - No mode defined for component null
2024-05-02 13:26:52,271 [WARN] ModelIntegratedComponent:63 - No mode defined for component null
2024-05-02 13:26:52,271 [WARN] ModelIntegratedComponent:63 - No mode defined for component null
2024-05-02 13:26:52,272 [WARN] ModelIntegratedComponent:63 - No mode defined for component null
2024-05-02 13:26:52,272 [WARN] ModelIntegratedComponent:63 - No mode defined for component null
2024-05-02 13:26:52,272 [WARN] ModelIntegratedComponent:63 - No mode defined for component null
2024-05-02 13:26:52,272 [WARN] ModelIntegratedComponent:63 - No mode defined for component null
2024-05-02 13:26:52,272 [WARN] ModelIntegratedComponent:63 - No mode defined for component null
2024-05-02 13:26:52,272 [WARN] ModelIntegratedComponent:63 - No mode defined for component null
2024-05-02 13:26:52,272 [WARN] ModelIntegratedComponent:63 - No mode defined for component null
2024-05-02 13:26:52,272 [WARN] ModelIntegratedComponent:63 - No mode defined for component null
2024-05-02 13:26:52,272 [WARN] ModelIntegratedComponent:63 - No mode defined for component null
2024-05-02 13:26:52,272 [WARN] ModelIntegratedComponent:63 - No mode defined for component null
2024-05-02 13:26:52,272 [WARN] ModelIntegratedComponent:63 - No mode defined for component null
2024-05-02 13:26:52,272 [WARN] ModelIntegratedComponent:63 - No mode defined for component null
2024-05-02 13:26:52,272 [WARN] ModelIntegratedComponent:63 - No mode defined for component null
2024-05-02 13:26:52,272 [WARN] ModelIntegratedComponent:63 - No mode defined for component null
2024-05-02 13:26:52,636 [INFO] ThirdPartyModel:298 - Start build external matchings
2024-05-02 13:26:55,558 [INFO] ThirdPartyModel:316 - End build external matchings
2024-05-02 13:26:55,631 [INFO] RtosManager:919 - Current active RTOS is FREERTOS [Cortex-M4NS]
2024-05-02 13:26:55,640 [INFO] ImportTextPane:194 - (OptionalMessage_ERROR) IP (FREERTOS) : Invalid parameter (Events01)
2024-05-02 13:26:55,641 [INFO] ImportTextPane:194 - (OptionalMessage_ERROR) IP (RCC) : Invalid parameter (CECFreq_Value)
2024-05-02 13:26:55,642 [INFO] ImportTextPane:194 - (OptionalMessage_ERROR) IP (RCC) : Invalid parameter (FamilyName)
2024-05-02 13:26:55,642 [INFO] ImportTextPane:194 - (OptionalMessage_ERROR) IP (RCC) : Invalid parameter (HSICECFreq_Value)
2024-05-02 13:26:55,643 [INFO] ImportTextPane:194 - (OptionalMessage_ERROR) IP (RCC) : Invalid parameter (TIM2Freq_Value)
2024-05-02 13:26:55,643 [INFO] ImportTextPane:194 - (OptionalMessage_ERROR) IP (RCC) : Invalid parameter (TimSysFreq_Value)
2024-05-02 13:26:55,643 [INFO] ImportTextPane:194 - (OptionalMessage_ERROR) IP (RCC) : Parameter (USART2Freq_Value) has invalid value (8000000)
2024-05-02 13:26:55,840 [INFO] UtilMem:75 - End LoadConfig() Used Memory: 694216688 Bytes (857735168)
2024-05-02 13:26:55,949 [INFO] ApiDb:581 - Connected to CubeFinder SQLite database (C:\Users\kakareka\.stmcufinder\plugins\mcufinder\mcu\cube-finder-db.db)
2024-05-02 13:26:56,072 [INFO] ApiDb:668 - CubeFinder database Data Model version=2.1
2024-05-02 13:26:56,072 [INFO] ApiDb:669 - CubeFinder database Configuration version=3.0.39
2024-05-02 13:26:56,073 [INFO] ApiDb:670 - CubeFinder database generation date=2024-04-15 (1713193726)
2024-05-02 13:26:56,073 [INFO] ApiDb:671 - CubeFinder database FW Pack versions=[FP-ATR-ASTRA1_V2.0.0, FP-SNS-FLIGHT1_V5.0.1, FP-SNS-FLIGHT1_V5.0.2, FP-SNS-MOTENV1_V4.3.1, FP-SNS-MOTENV1_V4.3.2, FP-SNS-MOTENVWB1_V1.3.1, FP-SNS-SMARTAG2_V1.2.0, STM32Cube_FW_C0_V1.1.0, STM32Cube_FW_F4_V1.28.0, STM32Cube_FW_F7_V1.17.0, STM32Cube_FW_G0_V1.6.2, STM32Cube_FW_G4_V1.5.2, STM32Cube_FW_H5_V0.5.1, STM32Cube_FW_H5_V1.1.1, STM32Cube_FW_H5_V1.2.0, STM32Cube_FW_H5_V1.2.0RC4, STM32Cube_FW_H7RS_V1.0.0, STM32Cube_FW_H7RS_V1.0.0RC4, STM32Cube_FW_H7_V1.11.0, STM32Cube_FW_L0_V1.12.2, STM32Cube_FW_L5_V1.5.1, STM32Cube_FW_U0_V1.0.0, STM32Cube_FW_U0_V1.0.0RC1, STM32Cube_FW_U5_V1.3.0RC4, STM32Cube_FW_U5_V1.5.0, STM32Cube_FW_U5_V1.5.0RC1, STM32Cube_FW_WBA_V1.0.0RC1, STM32Cube_FW_WBA_V1.2.0, STM32Cube_FW_WBA_V1.2.0RC2, STM32Cube_FW_WBA_V1.3.0, STM32Cube_FW_WBA_V1.3.0RC1, STM32Cube_FW_WB_V1.15.0RC1, STM32Cube_FW_WB_V1.16.0, STM32Cube_FW_WB_V1.16.0RC2, STM32Cube_FW_WB_V1.18.0, STM32Cube_FW_WB_V1.19.0, STM32Cube_FW_WL_V1.3.0, X-CUBE-ALGOBUILD_V1.3.0, X-CUBE-ALS_V1.0.1, X-CUBE-AZRTOS-F4_V1.1.0, X-CUBE-AZRTOS-F7_V1.1.0, X-CUBE-AZRTOS-G0_V1.1.0, X-CUBE-AZRTOS-G4_V2.0.0, X-CUBE-AZRTOS-H7_V3.2.0, X-CUBE-AZRTOS-L4_V1.0.0, X-CUBE-AZRTOS-L4_V2.0.0, X-CUBE-AZRTOS-L5_V1.1.0, X-CUBE-AZRTOS-WB_V2.0.0, X-CUBE-AZRTOS-WL_V2.0.0, X-CUBE-BLE1_V7.0.0, X-CUBE-BLE2_V3.3.0, X-CUBE-BLEMGR_V3.1.0, X-CUBE-EEPRMA1_V4.1.0, X-CUBE-EEPRMA1_V5.1.0, X-CUBE-FREERTOS_V1.1.0, X-CUBE-GNSS1_V6.0.0, X-CUBE-MEMS1_V10.0.0, X-CUBE-MEMS1_V9.1.0, X-CUBE-MEMS1_V9.4.0, X-CUBE-MEMS1_V9.6.0, X-CUBE-NFC4_V3.0.0, X-CUBE-NFC7_V1.0.1, X-CUBE-SFXS2LP1_V4.0.0, X-CUBE-SUBG2_V5.0.0, X-CUBE-TOF1_V3.4.0]
2024-05-02 13:26:59,485 [INFO] ApiDb:240 - Found 323 in-development CPN: [B-G473E-ZEST1S, B-WB1M-WPAN1, B-WL5M-SUBG1, NUCLEO-C031C6, NUCLEO-H503RB, NUCLEO-H563ZI, NUCLEO-U545RE-Q, NUCLEO-U5A5ZJ-Q, NUCLEO-WBA52CG, STEVAL-PROTEUS1, STEVAL-SMARTAG2, STEVAL-STWINBX1, STM320518-EVAL, STM32C0116-DK, STM32C011D6Y3TR, STM32C011D6Y6TR, STM32C011F4P3, STM32C011F4P6, STM32C011F4U3, STM32C011F4U6TR, STM32C011F6P3, STM32C011F6P6, STM32C011F6U3, STM32C011F6U6TR, STM32C011J4M3, STM32C011J4M6, STM32C011J6M3, STM32C011J6M6, STM32C0316-DK, STM32C031C4T3, STM32C031C4T6, STM32C031C4U3, STM32C031C4U6, STM32C031C6T3, STM32C031C6T6, STM32C031C6U3, STM32C031C6U6, STM32C031F4P3, STM32C031F4P6, STM32C031F6P3, STM32C031F6P6, STM32C031G4U3, STM32C031G4U6, STM32C031G6U3, STM32C031G6U6, STM32C031K4T3, STM32C031K4T6, STM32C031K4U3, STM32C031K4U6, STM32C031K6T3, STM32C031K6T6, STM32C031K6U3, STM32C031K6U6, STM32G071K8TXN, STM32G071K8UXN, STM32G081GBU6N, STM32G081KBT6N, STM32G081KBUXN, STM32G0B1CCT6N, STM32G0B1KCT6, STM32G0B1NEY6TR, STM32G0B1RCT6N, STM32G0C1CCT6, STM32G0C1CCT6N, STM32G0C1CCU6N, STM32G0C1CET6N, STM32G0C1CEU6N, STM32G0C1KCT6, STM32G0C1NEY6TR, STM32G0C1RCI6N, STM32G0C1RCT6N, STM32G0C1REI6N, STM32G0C1RET6N, STM32G0C1VCI6, STM32G0C1VEI6, STM32G471CCT6, STM32G471CCU6, STM32G471CET3, STM32G471CET6, STM32G471CEU3, STM32G471CEU6, STM32G471MCT6, STM32G471MET3, STM32G471MET6, STM32G471MEY6TR, STM32G471QCT6, STM32G471QET3, STM32G471RCT6, STM32G471RET3, STM32G471RET6, STM32G471VCH6, STM32G471VCI6, STM32G471VCT6, STM32G471VEH3, STM32G471VEH6, STM32G471VEI3, STM32G471VEI6, STM32G471VET3, STM32G471VET6, STM32G474CCT6, STM32H503CBT6, STM32H503CBU6, STM32H503EBY6TR, STM32H503KBU6, STM32H503RBT6, STM32H562AGI6, STM32H562AII6, STM32H562IGK6, STM32H562IGT6, STM32H562IIK6, STM32H562IIT6, STM32H562RGT6, STM32H562RGV6, STM32H562RIT6, STM32H562RIV6, STM32H562VGT6, STM32H562VIT6, STM32H562ZGT6, STM32H562ZIT6, STM32H563AGI6, STM32H563AII3Q, STM32H563AII6, STM32H563IGK6, STM32H563IGT6, STM32H563IIK3Q, STM32H563IIK6, STM32H563IIT3Q, STM32H563IIT6, STM32H563MIY3QTR, STM32H563RGT6, STM32H563RGV6, STM32H563RIT6, STM32H563RIV6, STM32H563VGT6, STM32H563VIT3Q, STM32H563VIT6, STM32H563ZGT6, STM32H563ZIT3Q, STM32H563ZIT6, STM32H573AII3Q, STM32H573AII6, STM32H573I-DK, STM32H573IIK3Q, STM32H573IIK6, STM32H573IIT3Q, STM32H573IIT6, STM32H573MIY3QTR, STM32H573RIT6, STM32H573RIV6, STM32H573VIT3Q, STM32H573VIT6, STM32H573ZIT3Q, STM32H573ZIT6, STM32L4R5QGI6STR, STM32MP131AAE3, STM32MP131AAF3, STM32MP131AAG3, STM32MP131CAE3, STM32MP131CAF3, STM32MP131CAG3, STM32MP131DAE7, STM32MP131DAF7, STM32MP131DAG7, STM32MP131FAE7, STM32MP131FAF7, STM32MP131FAG7, STM32MP133AAE3, STM32MP133AAF3, STM32MP133AAG3, STM32MP133CAE3, STM32MP133CAF3, STM32MP133CAG3, STM32MP133DAE7, STM32MP133DAF7, STM32MP133DAG7, STM32MP133FAE7, STM32MP133FAF7, STM32MP133FAG7, STM32MP135AAE3, STM32MP135AAF3, STM32MP135AAG3, STM32MP135CAE3, STM32MP135CAF3, STM32MP135CAG3, STM32MP135DAE7, STM32MP135DAF7, STM32MP135DAG7, STM32MP135F-DK, STM32MP135FAE7, STM32MP135FAF7, STM32MP135FAF7T, STM32MP135FAF7U, STM32MP135FAG7, STM32U535CBT6, STM32U535CBT6Q, STM32U535CBU6, STM32U535CBU6Q, STM32U535CCT6, STM32U535CCT6Q, STM32U535CCU6, STM32U535CCU6Q, STM32U535CET6, STM32U535CET6Q, STM32U535CEU6, STM32U535CEU6Q, STM32U535JEY6QTR, STM32U535NCY6QTR, STM32U535NEY6QTR, STM32U535RBI6, STM32U535RBI6Q, STM32U535RBT6, STM32U535RBT6Q, STM32U535RCI6, STM32U535RCI6Q, STM32U535RCT6, STM32U535RCT6Q, STM32U535REI6, STM32U535REI6Q, STM32U535RET6, STM32U535RET6Q, STM32U535VCI6, STM32U535VCI6Q, STM32U535VCT6, STM32U535VCT6Q, STM32U535VEI6, STM32U535VEI6Q, STM32U535VET6, STM32U535VET6Q, STM32U545CET6, STM32U545CET6Q, STM32U545CEU6, STM32U545CEU6Q, STM32U545JEY6QTR, STM32U545NEY6QTR, STM32U545REI6, STM32U545REI6Q, STM32U545RET6, STM32U545RET6Q, STM32U545VEI6, STM32U545VEI6Q, STM32U545VET6, STM32U545VET6Q, STM32U595AIH6, STM32U595AIH6Q, STM32U595AJH6, STM32U595AJH6Q, STM32U595QII6, STM32U595QII6Q, STM32U595QJI6, STM32U595QJI6Q, STM32U595RIT6, STM32U595RIT6Q, STM32U595RJT6, STM32U595RJT6Q, STM32U595VIT6, STM32U595VIT6Q, STM32U595VJT6, STM32U595VJT6Q, STM32U595ZIT6, STM32U595ZIT6Q, STM32U595ZIY6QTR, STM32U595ZJT6, STM32U595ZJT6Q, STM32U595ZJY6QTR, STM32U599BJY6QTR, STM32U599NIH6Q, STM32U599NJH6Q, STM32U599VIT6Q, STM32U599VJT6, STM32U599VJT6Q, STM32U599ZIT6Q, STM32U599ZIY6QTR, STM32U599ZJT6Q, STM32U599ZJY6QTR, STM32U5A5AJH6, STM32U5A5AJH6Q, STM32U5A5QJI6, STM32U5A5QJI6Q, STM32U5A5RJT6, STM32U5A5RJT6Q, STM32U5A5VJT6, STM32U5A5VJT6Q, STM32U5A5ZJT6, STM32U5A5ZJT6Q, STM32U5A5ZJY6QTR, STM32U5A9BJY6QTR, STM32U5A9J-DK, STM32U5A9NJH6Q, STM32U5A9VJT6Q, STM32U5A9ZJT6Q, STM32U5A9ZJY6QTR, STM32U5F7VIT6, STM32U5F7VIT6Q, STM32U5F7VJT6, STM32U5F7VJT6Q, STM32U5F9BJY6QTR, STM32U5F9NJH6Q, STM32U5F9VIT6Q, STM32U5F9VJT6Q, STM32U5F9ZIJ6QTR, STM32U5F9ZIT6Q, STM32U5F9ZJJ6QTR, STM32U5F9ZJT6Q, STM32U5G7VJT6, STM32U5G7VJT6Q, STM32U5G9BJY6QTR, STM32U5G9J-DK1, STM32U5G9J-DK2, STM32U5G9NJH6Q, STM32U5G9VJT6Q, STM32U5G9ZJJ6QTR, STM32U5G9ZJT6Q, STM32WB1MMCH6, STM32WBA52CEU6, STM32WBA52CEU6T, STM32WBA52CGU6, STM32WBA52CGU6T, STM32WBA52KEU6, STM32WBA52KEU6T, STM32WBA52KGU6, STM32WBA52KGU6T, STM32WL5MOCH6, STM32WL5MOCH6TR]
2024-05-02 13:26:59,489 [INFO] DbMcus:217 - Found 4073 MCUs, 4073 are supported
2024-05-02 13:26:59,490 [INFO] ApiDb:423 - Load user favorites file C:\Users\kakareka/.stm32cubeide/favorites.mcus.txt: 0 item(s)
2024-05-02 13:26:59,490 [INFO] ApiDb:427 - User favorites MCUs=[]
2024-05-02 13:26:59,491 [INFO] DbMcus:223 - Set 0 / 0 favorites MCUs
2024-05-02 13:26:59,974 [WARN] ThirdParty:833 - waiting for thirdparty lock release [change project]
2024-05-02 13:26:59,974 [INFO] ThirdParty:835 - entering critical section [change project]
2024-05-02 13:26:59,975 [INFO] ThirdParty:1030 - CMSIS Pack Vendor :STMicroelectronics USBPD 4.1
2024-05-02 13:26:59,975 [INFO] ThirdParty:1030 - CMSIS Pack Vendor :STMicroelectronics X-CUBE-GNSS1 6.0.0
2024-05-02 13:26:59,975 [INFO] ThirdParty:1030 - CMSIS Pack Vendor :STMicroelectronics USB_HOST 2.0.0
2024-05-02 13:26:59,975 [INFO] ThirdParty:1030 - CMSIS Pack Vendor :STMicroelectronics FP-SNS-MOTENVWB1 1.4.0
2024-05-02 13:26:59,975 [INFO] ThirdParty:1030 - CMSIS Pack Vendor :STMicroelectronics X-CUBE-AZRTOS-F4 1.1.0
2024-05-02 13:26:59,975 [INFO] ThirdParty:1030 - CMSIS Pack Vendor :STMicroelectronics LIBJPEG 8.0.0
2024-05-02 13:26:59,975 [INFO] ThirdParty:1030 - CMSIS Pack Vendor :wolfSSL I-CUBE-wolfSSL 5.6.3
2024-05-02 13:26:59,975 [INFO] ThirdParty:1030 - CMSIS Pack Vendor :STMicroelectronics X-CUBE-SMBUS 2.1.0
2024-05-02 13:26:59,975 [INFO] ThirdParty:1030 - CMSIS Pack Vendor :STMicroelectronics X-CUBE-FREERTOS 1.2.0
2024-05-02 13:26:59,975 [INFO] ThirdParty:1030 - CMSIS Pack Vendor :STMicroelectronics X-CUBE-TOUCHGFX 4.23.0
2024-05-02 13:26:59,975 [INFO] ThirdParty:1030 - CMSIS Pack Vendor :STMicroelectronics X-CUBE-BLEMGR 1.2.0
2024-05-02 13:26:59,975 [INFO] ThirdParty:1030 - CMSIS Pack Vendor :STMicroelectronics X-CUBE-TOUCHGFX 4.23.2
2024-05-02 13:26:59,975 [INFO] ThirdParty:1030 - CMSIS Pack Vendor :STMicroelectronics X-CUBE-AZRTOS-F7 1.1.0
2024-05-02 13:26:59,975 [INFO] ThirdParty:1030 - CMSIS Pack Vendor :STMicroelectronics X-CUBE-AZRTOS-L5 2.0.0
2024-05-02 13:26:59,975 [INFO] ThirdParty:1030 - CMSIS Pack Vendor :STMicroelectronics USB_DEVICE 2.0.0
2024-05-02 13:26:59,975 [INFO] ThirdParty:1030 - CMSIS Pack Vendor :STMicroelectronics X-CUBE-MEMS1 9.6.0
2024-05-02 13:26:59,975 [INFO] ThirdParty:1030 - CMSIS Pack Vendor :STMicroelectronics X-CUBE-EEPRMA1 4.2.0
2024-05-02 13:26:59,976 [INFO] ThirdParty:1030 - CMSIS Pack Vendor :STMicroelectronics X-CUBE-NFC6 3.1.0
2024-05-02 13:26:59,976 [INFO] ThirdParty:1030 - CMSIS Pack Vendor :ITTIA_DB I-CUBE-ITTIADB 8.8.0
2024-05-02 13:26:59,976 [INFO] ThirdParty:1030 - CMSIS Pack Vendor :STMicroelectronics FP-SNS-MOTENV1 4.3.2
2024-05-02 13:26:59,976 [INFO] ThirdParty:1030 - CMSIS Pack Vendor :STMicroelectronics FP-SNS-MOTENV1 4.3.1
2024-05-02 13:26:59,976 [INFO] ThirdParty:1030 - CMSIS Pack Vendor :STMicroelectronics FP-SNS-FLIGHT1 5.0.1
2024-05-02 13:26:59,976 [INFO] ThirdParty:1030 - CMSIS Pack Vendor :STMicroelectronics X-CUBE-BLE1 6.2.3
2024-05-02 13:26:59,976 [INFO] ThirdParty:1030 - CMSIS Pack Vendor :STMicroelectronics X-CUBE-BLE1 6.2.4
2024-05-02 13:26:59,976 [INFO] ThirdParty:1030 - CMSIS Pack Vendor :STMicroelectronics FreeRTOS 0.0.1
2024-05-02 13:26:59,976 [INFO] ThirdParty:1030 - CMSIS Pack Vendor :STMicroelectronics X-CUBE-BLEMGR 2.0.0
2024-05-02 13:26:59,976 [INFO] ThirdParty:1030 - CMSIS Pack Vendor :STMicroelectronics FP-SNS-FLIGHT1 5.0.2
2024-05-02 13:26:59,976 [INFO] ThirdParty:1030 - CMSIS Pack Vendor :STMicroelectronics X-CUBE-NFC4 2.0.5
2024-05-02 13:26:59,976 [INFO] ThirdParty:1030 - CMSIS Pack Vendor :STMicroelectronics X-CUBE-NFC4 2.0.4
2024-05-02 13:26:59,976 [INFO] ThirdParty:1030 - CMSIS Pack Vendor :STMicroelectronics X-CUBE-AI 9.0.0
2024-05-02 13:26:59,976 [INFO] ThirdParty:1030 - CMSIS Pack Vendor :STMicroelectronics X-CUBE-AZRTOS-H7 3.1.0
2024-05-02 13:26:59,976 [INFO] ThirdParty:1030 - CMSIS Pack Vendor :STMicroelectronics PDM2PCM 3.3.0
2024-05-02 13:26:59,976 [INFO] ThirdParty:1030 - CMSIS Pack Vendor :STMicroelectronics X-CUBE-DISPLAY 3.0.0
2024-05-02 13:26:59,976 [INFO] ThirdParty:1030 - CMSIS Pack Vendor :STMicroelectronics X-CUBE-BLE1 7.0.0
2024-05-02 13:26:59,976 [INFO] ThirdParty:1030 - CMSIS Pack Vendor :wolfSSL I-CUBE-wolfSSL 5.5.1
2024-05-02 13:26:59,976 [INFO] ThirdParty:1030 - CMSIS Pack Vendor :STMicroelectronics HAL Drivers 0.0.0
2024-05-02 13:26:59,977 [INFO] ThirdParty:1030 - CMSIS Pack Vendor :emotas I-CUBE-CANOPEN 1.3.0
2024-05-02 13:26:59,977 [INFO] ThirdParty:1030 - CMSIS Pack Vendor :STMicroelectronics X-CUBE-TOUCHGFX 4.22.0
2024-05-02 13:26:59,977 [INFO] ThirdParty:1030 - CMSIS Pack Vendor :STMicroelectronics X-CUBE-NFC7 1.0.1
2024-05-02 13:26:59,977 [INFO] ThirdParty:1030 - CMSIS Pack Vendor :STMicroelectronics MBEDTLS 2.14.1
2024-05-02 13:26:59,977 [INFO] ThirdParty:1030 - CMSIS Pack Vendor :STMicroelectronics X-CUBE-NFC7 1.0.0
2024-05-02 13:26:59,977 [INFO] ThirdParty:1030 - CMSIS Pack Vendor :STMicroelectronics X-CUBE-TOUCHGFX 4.22.1
2024-05-02 13:26:59,977 [INFO] ThirdParty:1030 - CMSIS Pack Vendor :STMicroelectronics X-CUBE-NFC6 3.0.0
2024-05-02 13:26:59,977 [INFO] ThirdParty:1030 - CMSIS Pack Vendor :STMicroelectronics X-CUBE-MEMS1 9.3.0
2024-05-02 13:26:59,977 [INFO] ThirdParty:1030 - CMSIS Pack Vendor :STMicroelectronics X-CUBE-EEPRMA1 4.1.0
2024-05-02 13:26:59,977 [INFO] ThirdParty:1030 - CMSIS Pack Vendor :STMicroelectronics X-CUBE-BLEMGR 3.1.0
2024-05-02 13:26:59,977 [INFO] ThirdParty:1030 - CMSIS Pack Vendor :STMicroelectronics FP-SNS-SMARTAG2 1.2.0
2024-05-02 13:26:59,977 [INFO] ThirdParty:1030 - CMSIS Pack Vendor :STMicroelectronics X-CUBE-AZRTOS-WL 2.0.0
2024-05-02 13:26:59,977 [INFO] ThirdParty:1030 - CMSIS Pack Vendor :STMicroelectronics FP-SNS-MOTENV1 5.0.0
2024-05-02 13:26:59,977 [INFO] ThirdParty:1030 - CMSIS Pack Vendor :STMicroelectronics USB_DEVICE 1.0.0
2024-05-02 13:26:59,977 [INFO] ThirdParty:1030 - CMSIS Pack Vendor :STMicroelectronics X-CUBE-AI 8.1.0
2024-05-02 13:26:59,977 [INFO] ThirdParty:1030 - CMSIS Pack Vendor :STMicroelectronics X-CUBE-AZRTOS-L4 2.0.0
2024-05-02 13:26:59,977 [INFO] ThirdParty:1030 - CMSIS Pack Vendor :STMicroelectronics ThreadX 0.0.2
2024-05-02 13:26:59,977 [INFO] ThirdParty:1030 - CMSIS Pack Vendor :WES I-CUBE-Cesium 1.3.0
2024-05-02 13:26:59,977 [INFO] ThirdParty:1030 - CMSIS Pack Vendor :STMicroelectronics lwIP 2.1.2
2024-05-02 13:26:59,977 [INFO] ThirdParty:1030 - CMSIS Pack Vendor :STMicroelectronics X-CUBE-SFXS2LP1 4.0.0
2024-05-02 13:26:59,977 [INFO] ThirdParty:1030 - CMSIS Pack Vendor :STMicroelectronics X-CUBE-BLE2 3.3.0
2024-05-02 13:26:59,978 [INFO] ThirdParty:1030 - CMSIS Pack Vendor :STMicroelectronics X-CUBE-DISPLAY 2.2.0
2024-05-02 13:26:59,978 [INFO] ThirdParty:1030 - CMSIS Pack Vendor :STMicroelectronics X-CUBE-TOF1 3.2.0
2024-05-02 13:26:59,978 [INFO] ThirdParty:1030 - CMSIS Pack Vendor :STMicroelectronics PDM2PCM 3.2.0
2024-05-02 13:26:59,978 [INFO] ThirdParty:1030 - CMSIS Pack Vendor :STMicroelectronics X-CUBE-AZRTOS-H7 3.0.0
2024-05-02 13:26:59,978 [INFO] ThirdParty:1030 - CMSIS Pack Vendor :STMicroelectronics X-CUBE-ISPU 1.0.0
2024-05-02 13:26:59,978 [INFO] ThirdParty:1030 - CMSIS Pack Vendor :STMicroelectronics X-CUBE-ISPU 1.1.0
2024-05-02 13:26:59,978 [INFO] ThirdParty:1030 - CMSIS Pack Vendor :RoweBots I-CUBE-UNISONRTOS 5.5.0-4
2024-05-02 13:26:59,978 [INFO] ThirdParty:1030 - CMSIS Pack Vendor :STMicroelectronics X-CUBE-AZRTOS-H7 2.1.0
2024-05-02 13:26:59,978 [INFO] ThirdParty:1030 - CMSIS Pack Vendor :STMicroelectronics USB_DEVICE 3.0.0
2024-05-02 13:26:59,978 [INFO] ThirdParty:1030 - CMSIS Pack Vendor :STMicroelectronics X-CUBE-TCPP 4.1.0
2024-05-02 13:26:59,978 [INFO] ThirdParty:1030 - CMSIS Pack Vendor :STMicroelectronics X-CUBE-AI 8.0.0
2024-05-02 13:26:59,978 [INFO] ThirdParty:1030 - CMSIS Pack Vendor :STMicroelectronics X-CUBE-AZRTOS-WB 2.0.0
2024-05-02 13:26:59,978 [INFO] ThirdParty:1030 - CMSIS Pack Vendor :STMicroelectronics X-CUBE-FREERTOS 1.0.0
2024-05-02 13:26:59,978 [INFO] ThirdParty:1030 - CMSIS Pack Vendor :STMicroelectronics X-CUBE-FREERTOS 1.0.1
2024-05-02 13:26:59,978 [INFO] ThirdParty:1030 - CMSIS Pack Vendor :STMicroelectronics X-CUBE-TOUCHGFX 4.21.1
2024-05-02 13:26:59,978 [INFO] ThirdParty:1030 - CMSIS Pack Vendor :STMicroelectronics X-CUBE-TOUCHGFX 4.21.3
2024-05-02 13:26:59,978 [INFO] ThirdParty:1030 - CMSIS Pack Vendor :STMicroelectronics X-CUBE-TOUCHGFX 4.21.4
2024-05-02 13:26:59,978 [INFO] ThirdParty:1030 - CMSIS Pack Vendor :STMicroelectronics X-CUBE-MEMS1 9.4.0
2024-05-02 13:26:59,978 [INFO] ThirdParty:1030 - CMSIS Pack Vendor :STMicroelectronics X-CUBE-AI 7.3.0
2024-05-02 13:26:59,978 [INFO] ThirdParty:1030 - CMSIS Pack Vendor :STMicroelectronics X-CUBE-ALGOBUILD 1.3.0
2024-05-02 13:26:59,978 [INFO] ThirdParty:1030 - CMSIS Pack Vendor :STMicroelectronics X-CUBE-AZRTOS-L5 1.1.0
2024-05-02 13:26:59,979 [INFO] ThirdParty:1030 - CMSIS Pack Vendor :STMicroelectronics X-CUBE-AZRTOS-G0 1.1.0
2024-05-02 13:26:59,979 [INFO] ThirdParty:1030 - CMSIS Pack Vendor :STMicroelectronics X-CUBE-AI 8.0.1
2024-05-02 13:26:59,979 [INFO] ThirdParty:1030 - CMSIS Pack Vendor :STMicroelectronics X-CUBE-SAFEA1 1.2.2
2024-05-02 13:26:59,979 [INFO] ThirdParty:1030 - CMSIS Pack Vendor :STMicroelectronics X-CUBE-NFC4 3.0.0
2024-05-02 13:26:59,979 [INFO] ThirdParty:1030 - CMSIS Pack Vendor :STMicroelectronics X-CUBE-SUBG2 5.0.0
2024-05-02 13:26:59,979 [INFO] ThirdParty:1030 - CMSIS Pack Vendor :STMicroelectronics STM32_WPAN 1.0.0
2024-05-02 13:26:59,979 [INFO] ThirdParty:1030 - CMSIS Pack Vendor :SEGGER I-CUBE-embOS 1.2.1
2024-05-02 13:26:59,979 [INFO] ThirdParty:1030 - CMSIS Pack Vendor :STMicroelectronics lwIP 2.0.3
2024-05-02 13:26:59,979 [INFO] ThirdParty:1030 - CMSIS Pack Vendor :STMicroelectronics USB_HOST 1.0.0
2024-05-02 13:26:59,979 [INFO] ThirdParty:1030 - CMSIS Pack Vendor :STMicroelectronics X-CUBE-TOF1 3.3.1
2024-05-02 13:26:59,979 [INFO] ThirdParty:1030 - CMSIS Pack Vendor :STMicroelectronics X-CUBE-AZRTOS-G4 2.0.0
2024-05-02 13:26:59,979 [INFO] ThirdParty:1030 - CMSIS Pack Vendor :STMicroelectronics PDM2PCM 3.1.0
2024-05-02 13:26:59,979 [INFO] ThirdParty:1030 - CMSIS Pack Vendor :STMicroelectronics X-CUBE-TOF1 3.3.0
2024-05-02 13:26:59,979 [INFO] ThirdParty:1030 - CMSIS Pack Vendor :STMicroelectronics FP-ATR-ASTRA1 1.1.1
2024-05-02 13:26:59,979 [INFO] ThirdParty:1030 - CMSIS Pack Vendor :Infineon AIROC-Wi-Fi-Bluetooth-STM32 1.5.1
2024-05-02 13:26:59,979 [INFO] ThirdParty:1030 - CMSIS Pack Vendor :STMicroelectronics X-CUBE-BLEMGR 3.0.0
2024-05-02 13:26:59,979 [INFO] ThirdParty:1030 - CMSIS Pack Vendor :STMicroelectronics X-CUBE-BLEMGR 1.3.0
2024-05-02 13:26:59,979 [INFO] ThirdParty:1030 - CMSIS Pack Vendor :STMicroelectronics FP-SNS-MOTENVWB1 1.3.0
2024-05-02 13:26:59,980 [INFO] ThirdParty:1030 - CMSIS Pack Vendor :STMicroelectronics FP-SNS-MOTENVWB1 1.3.1
2024-05-02 13:26:59,980 [INFO] ThirdParty:1030 - CMSIS Pack Vendor :STMicroelectronics FP-ATR-SIGFOX1 3.2.0
2024-05-02 13:26:59,980 [INFO] ThirdParty:1030 - CMSIS Pack Vendor :STMicroelectronics X-CUBE-AZRTOS-G4 1.0.0
2024-05-02 13:26:59,980 [INFO] ThirdParty:1030 - CMSIS Pack Vendor :STMicroelectronics X-CUBE-AZRTOS-L4 1.0.0
2024-05-02 13:26:59,980 [INFO] ThirdParty:1030 - CMSIS Pack Vendor :STMicroelectronics X-CUBE-ISPU 2.0.0
2024-05-02 13:26:59,980 [INFO] ThirdParty:1030 - CMSIS Pack Vendor :STMicroelectronics X-CUBE-EEPRMA1 5.1.0
2024-05-02 13:26:59,980 [INFO] ThirdParty:1030 - CMSIS Pack Vendor :STMicroelectronics MBEDTLS 2.16.2
2024-05-02 13:26:59,980 [INFO] ThirdParty:1030 - CMSIS Pack Vendor :emotas I-CUBE-CANOPEN 1.1.2
2024-05-02 13:26:59,980 [INFO] ThirdParty:1030 - CMSIS Pack Vendor :STMicroelectronics X-CUBE-TOUCHGFX 4.20.0
2024-05-02 13:26:59,980 [INFO] ThirdParty:1030 - CMSIS Pack Vendor :STMicroelectronics X-CUBE-MEMS1 10.0.0
2024-05-02 13:26:59,980 [INFO] ThirdParty:1030 - CMSIS Pack Vendor :STMicroelectronics X-CUBE-FREERTOS 1.1.0
2024-05-02 13:26:59,980 [INFO] ThirdParty:1030 - CMSIS Pack Vendor :STMicroelectronics X-CUBE-AZRTOS-WL 1.0.0
2024-05-02 13:26:59,980 [INFO] ThirdParty:1030 - CMSIS Pack Vendor :portGmbH I-Cube-SoM-uGOAL 1.1.0
2024-05-02 13:26:59,980 [INFO] ThirdParty:1030 - CMSIS Pack Vendor :STMicroelectronics X-CUBE-ALS 1.0.1
2024-05-02 13:26:59,980 [INFO] ThirdParty:1030 - CMSIS Pack Vendor :STMicroelectronics X-CUBE-MEMS1 9.5.0
2024-05-02 13:26:59,980 [INFO] ThirdParty:1030 - CMSIS Pack Vendor :STMicroelectronics ThreadX 1.0.0
2024-05-02 13:26:59,980 [INFO] ThirdParty:1030 - CMSIS Pack Vendor :STMicroelectronics X-CUBE-AZRTOS-WB 1.1.0
2024-05-02 13:26:59,980 [INFO] ThirdParty:1030 - CMSIS Pack Vendor :SEGGER I-CUBE-embOS 1.3.1
2024-05-02 13:26:59,980 [INFO] ThirdParty:1030 - CMSIS Pack Vendor :STMicroelectronics X-CUBE-AZRTOS-L5 1.0.0
2024-05-02 13:26:59,981 [INFO] ThirdParty:1030 - CMSIS Pack Vendor :STMicroelectronics X-CUBE-EEPRMA1 3.1.1
2024-05-02 13:26:59,981 [INFO] ThirdParty:1030 - CMSIS Pack Vendor :STMicroelectronics X-CUBE-AZRTOS-H7RS 1.0.0
2024-05-02 13:26:59,981 [INFO] ThirdParty:1030 - CMSIS Pack Vendor :STMicroelectronics FP-ATR-ASTRA1 2.0.0
2024-05-02 13:26:59,981 [INFO] ThirdParty:1030 - CMSIS Pack Vendor :STMicroelectronics X-CUBE-TOF1 3.4.0
2024-05-02 13:26:59,981 [INFO] ThirdParty:1030 - CMSIS Pack Vendor :STMicroelectronics X-CUBE-TOF1 3.4.1
2024-05-02 13:26:59,981 [INFO] ThirdParty:1030 - CMSIS Pack Vendor :STMicroelectronics X-CUBE-AZRTOS-H7 3.2.0
2024-05-02 13:26:59,981 [INFO] ThirdParty:841 - exiting critical section [change project]
2024-05-02 13:27:00,287 [INFO] PinOutPanel:1499 - setPackage(No Configuration,No Configuration)
2024-05-02 13:27:00,289 [INFO] PinOutPanel:1499 - setPackage(STM32F303K8Tx,LQFP32)
2024-05-02 13:27:01,351 [INFO] UtilMem:75 - Before build in PCC Used Memory: 505959320 Bytes (857735168)
2024-05-02 13:27:02,214 [INFO] UtilMem:75 - After build in PCC Used Memory: 496069232 Bytes (874512384)
2024-05-02 13:27:02,336 [INFO] ApiDbMcu:507 - Load IP Config File for FREERTOS
2024-05-02 13:27:02,366 [INFO] IPUIPlugin:80 - create IPUIPlugin
2024-05-02 13:27:02,366 [INFO] IPUIPlugin:80 - create IPUIPlugin
2024-05-02 13:27:02,366 [INFO] IPUIPlugin:80 - create IPUIPlugin
2024-05-02 13:27:02,366 [INFO] IPUIPlugin:80 - create IPUIPlugin
2024-05-02 13:27:02,366 [INFO] IPUIPlugin:80 - create IPUIPlugin
2024-05-02 13:27:02,367 [INFO] IPUIPlugin:80 - create IPUIPlugin
2024-05-02 13:27:02,367 [INFO] IPUIPlugin:80 - create IPUIPlugin
2024-05-02 13:27:02,367 [INFO] IPUIPlugin:80 - create IPUIPlugin
2024-05-02 13:27:02,367 [INFO] IPUIPlugin:80 - create IPUIPlugin
2024-05-02 13:27:02,367 [INFO] IPUIPlugin:80 - create IPUIPlugin
2024-05-02 13:27:02,368 [INFO] IPUIPlugin:80 - create IPUIPlugin
2024-05-02 13:27:02,368 [INFO] IPUIPlugin:80 - create IPUIPlugin
2024-05-02 13:27:02,368 [INFO] IPUIPlugin:80 - create IPUIPlugin
2024-05-02 13:27:02,368 [INFO] IPUIPlugin:80 - create IPUIPlugin
2024-05-02 13:27:02,368 [INFO] IPUIPlugin:80 - create IPUIPlugin
2024-05-02 13:27:02,368 [INFO] IPUIPlugin:80 - create IPUIPlugin
2024-05-02 13:27:02,369 [INFO] IPUIPlugin:80 - create IPUIPlugin
2024-05-02 13:27:02,369 [INFO] IPUIPlugin:80 - create IPUIPlugin
2024-05-02 13:27:02,369 [INFO] IPUIPlugin:80 - create IPUIPlugin
2024-05-02 13:27:02,369 [INFO] IPUIPlugin:80 - create IPUIPlugin
2024-05-02 13:27:02,369 [INFO] IPUIPlugin:80 - create IPUIPlugin
2024-05-02 13:27:02,370 [INFO] IPUIPlugin:80 - create IPUIPlugin
2024-05-02 13:27:02,370 [INFO] IPUIPlugin:80 - create IPUIPlugin
2024-05-02 13:27:02,370 [INFO] IPUIPlugin:80 - create IPUIPlugin
2024-05-02 13:27:02,370 [INFO] IPUIPlugin:80 - create IPUIPlugin
2024-05-02 13:27:02,370 [INFO] IPUIPlugin:80 - create IPUIPlugin
2024-05-02 13:27:02,371 [INFO] IPUIPlugin:80 - create IPUIPlugin
2024-05-02 13:27:02,371 [INFO] IPUIPlugin:80 - create IPUIPlugin
2024-05-02 13:27:02,371 [INFO] IPUIPlugin:80 - create IPUIPlugin
2024-05-02 13:27:02,371 [INFO] IPUIPlugin:80 - create IPUIPlugin
2024-05-02 13:27:02,372 [INFO] IPUIPlugin:80 - create IPUIPlugin
2024-05-02 13:27:02,372 [INFO] IPUIPlugin:80 - create IPUIPlugin
2024-05-02 13:27:02,372 [INFO] IPUIPlugin:80 - create IPUIPlugin
2024-05-02 13:27:02,372 [INFO] IPUIPlugin:80 - create IPUIPlugin
2024-05-02 13:27:02,429 [WARN] FreeRTOS:1023 - Null or empty value: should not occur! (nothing added to the table)
2024-05-02 13:27:02,651 [INFO] CADModel:165 - CPN selected for project levelSTM32F303K8T6
2024-05-02 13:27:02,652 [INFO] CADModel:114 - Register for checkConnection events
2024-05-02 13:27:02,654 [INFO] RtosManager:697 - Active RTOS found at IOC load: FREERTOS [Cortex-M4NS]
2024-05-02 13:27:02,705 [INFO] OpenFileManager:328 - Restore cursor
2024-05-02 13:27:07,625 [ERROR] RtosPanel:558 - Can not restore the selected Tab for FREERTOS(A reason can be that the tab is no more available.)
2024-05-02 13:27:21,360 [INFO] UtilMem:75 - End SaveConfig() Used Memory: 818682552 Bytes (1073741824)
2024-05-02 13:27:23,691 [INFO] UtilMem:75 - End SaveConfig() Used Memory: 702377376 Bytes (1073741824)
2024-05-02 13:27:24,163 [INFO] BlockDiagram:2759 - set Specific Code input for plugin: NVIC
2024-05-02 13:27:24,164 [INFO] BlockDiagram:2759 - set Specific Code input for plugin: FREERTOS
2024-05-02 13:27:24,164 [INFO] BlockDiagram:2759 - set Specific Code input for plugin: USART
2024-05-02 13:27:24,164 [INFO] BlockDiagram:2759 - set Specific Code input for plugin: DAC
2024-05-02 13:27:24,164 [INFO] BlockDiagram:2759 - set Specific Code input for plugin: DAC
2024-05-02 13:27:24,164 [INFO] BlockDiagram:2759 - set Specific Code input for plugin: TIM1_8F3
2024-05-02 13:27:24,164 [INFO] BlockDiagram:2759 - set Specific Code input for plugin: SYS
2024-05-02 13:27:24,164 [INFO] BlockDiagram:2759 - set Specific Code input for plugin: GPIO
2024-05-02 13:27:24,164 [INFO] BlockDiagram:2759 - set Specific Code input for plugin: RCC
2024-05-02 13:27:24,166 [INFO] CodeGenerator:799 - code generatio: config db path: C:\ST\STM32CubeIDE_1.13.2\STM32CubeIDE\plugins\com.st.stm32cube.common.mx_6.9.2.202309101412\\db\
2024-05-02 13:27:24,462 [INFO] CodeEngine:255 - oldGeneratedFile, C:\Users\kakareka\Documents\GitHub\LiverPerfusion\Code\nucleo_dac\MXTmpFiles\license.tmp_save
2024-05-02 13:27:24,833 [INFO] CodeEngine:279 - Generated code: C:\Users\kakareka\Documents\GitHub\LiverPerfusion\Code\nucleo_dac\MXTmpFiles\license.tmp
2024-05-02 13:27:24,899 [INFO] CodeEngine:255 - oldGeneratedFile, C:\Users\kakareka\Documents\GitHub\LiverPerfusion\Code\nucleo_dac\MXTmpFiles\gpio.tmp_save
2024-05-02 13:27:25,030 [INFO] CodeEngine:279 - Generated code: C:\Users\kakareka\Documents\GitHub\LiverPerfusion\Code\nucleo_dac\MXTmpFiles\gpio.tmp
2024-05-02 13:27:25,250 [INFO] Middleware:1439 - No code input for Bsp Dependency
2024-05-02 13:27:25,261 [INFO] CodeEngine:255 - oldGeneratedFile, C:\Users\kakareka\Documents\GitHub\LiverPerfusion\Code\nucleo_dac\MXTmpFiles\rtos_inc.tmp_save
2024-05-02 13:27:25,340 [INFO] CodeEngine:279 - Generated code: C:\Users\kakareka\Documents\GitHub\LiverPerfusion\Code\nucleo_dac\MXTmpFiles\rtos_inc.tmp
2024-05-02 13:27:25,347 [INFO] CodeEngine:255 - oldGeneratedFile, C:\Users\kakareka\Documents\GitHub\LiverPerfusion\Code\nucleo_dac\MXTmpFiles\rtos_kernelInit.tmp_save
2024-05-02 13:27:25,424 [INFO] CodeEngine:279 - Generated code: C:\Users\kakareka\Documents\GitHub\LiverPerfusion\Code\nucleo_dac\MXTmpFiles\rtos_kernelInit.tmp
2024-05-02 13:27:25,430 [INFO] CodeEngine:255 - oldGeneratedFile, C:\Users\kakareka\Documents\GitHub\LiverPerfusion\Code\nucleo_dac\MXTmpFiles\rtos_kernelStart.tmp_save
2024-05-02 13:27:25,500 [INFO] CodeEngine:279 - Generated code: C:\Users\kakareka\Documents\GitHub\LiverPerfusion\Code\nucleo_dac\MXTmpFiles\rtos_kernelStart.tmp
2024-05-02 13:27:25,507 [INFO] CodeEngine:255 - oldGeneratedFile, C:\Users\kakareka\Documents\GitHub\LiverPerfusion\Code\nucleo_dac\MXTmpFiles\rtos_typedefs.tmp_save
2024-05-02 13:27:25,581 [INFO] CodeEngine:279 - Generated code: C:\Users\kakareka\Documents\GitHub\LiverPerfusion\Code\nucleo_dac\MXTmpFiles\rtos_typedefs.tmp
2024-05-02 13:27:25,587 [INFO] CodeEngine:255 - oldGeneratedFile, C:\Users\kakareka\Documents\GitHub\LiverPerfusion\Code\nucleo_dac\MXTmpFiles\rtos_vars.tmp_save
2024-05-02 13:27:25,664 [INFO] CodeEngine:279 - Generated code: C:\Users\kakareka\Documents\GitHub\LiverPerfusion\Code\nucleo_dac\MXTmpFiles\rtos_vars.tmp
2024-05-02 13:27:25,670 [INFO] CodeEngine:255 - oldGeneratedFile, C:\Users\kakareka\Documents\GitHub\LiverPerfusion\Code\nucleo_dac\MXTmpFiles\rtos_pfp.tmp_save
2024-05-02 13:27:25,746 [INFO] CodeEngine:279 - Generated code: C:\Users\kakareka\Documents\GitHub\LiverPerfusion\Code\nucleo_dac\MXTmpFiles\rtos_pfp.tmp
2024-05-02 13:27:25,753 [INFO] CodeEngine:255 - oldGeneratedFile, C:\Users\kakareka\Documents\GitHub\LiverPerfusion\Code\nucleo_dac\MXTmpFiles\rtos_obj_creat.tmp_save
2024-05-02 13:27:25,829 [INFO] CodeEngine:279 - Generated code: C:\Users\kakareka\Documents\GitHub\LiverPerfusion\Code\nucleo_dac\MXTmpFiles\rtos_obj_creat.tmp
2024-05-02 13:27:25,835 [INFO] CodeEngine:255 - oldGeneratedFile, C:\Users\kakareka\Documents\GitHub\LiverPerfusion\Code\nucleo_dac\MXTmpFiles\rtos_default_thread.tmp_save
2024-05-02 13:27:25,917 [INFO] CodeEngine:279 - Generated code: C:\Users\kakareka\Documents\GitHub\LiverPerfusion\Code\nucleo_dac\MXTmpFiles\rtos_default_thread.tmp
2024-05-02 13:27:25,923 [INFO] CodeEngine:255 - oldGeneratedFile, C:\Users\kakareka\Documents\GitHub\LiverPerfusion\Code\nucleo_dac\MXTmpFiles\rtos_threads.tmp_save
2024-05-02 13:27:26,001 [INFO] CodeEngine:279 - Generated code: C:\Users\kakareka\Documents\GitHub\LiverPerfusion\Code\nucleo_dac\MXTmpFiles\rtos_threads.tmp
2024-05-02 13:27:26,022 [INFO] Middleware:1439 - No code input for Bsp Dependency
2024-05-02 13:27:26,034 [INFO] CodeEngine:255 - oldGeneratedFile, C:\Users\kakareka\Documents\GitHub\LiverPerfusion\Code\nucleo_dac\MXTmpFiles\rtos_inc.tmp_save
2024-05-02 13:27:26,104 [INFO] CodeEngine:279 - Generated code: C:\Users\kakareka\Documents\GitHub\LiverPerfusion\Code\nucleo_dac\MXTmpFiles\rtos_inc.tmp
2024-05-02 13:27:26,113 [INFO] CodeEngine:255 - oldGeneratedFile, C:\Users\kakareka\Documents\GitHub\LiverPerfusion\Code\nucleo_dac\MXTmpFiles\rtos_kernelInit.tmp_save
2024-05-02 13:27:26,183 [INFO] CodeEngine:279 - Generated code: C:\Users\kakareka\Documents\GitHub\LiverPerfusion\Code\nucleo_dac\MXTmpFiles\rtos_kernelInit.tmp
2024-05-02 13:27:26,191 [INFO] CodeEngine:255 - oldGeneratedFile, C:\Users\kakareka\Documents\GitHub\LiverPerfusion\Code\nucleo_dac\MXTmpFiles\rtos_kernelStart.tmp_save
2024-05-02 13:27:26,259 [INFO] CodeEngine:279 - Generated code: C:\Users\kakareka\Documents\GitHub\LiverPerfusion\Code\nucleo_dac\MXTmpFiles\rtos_kernelStart.tmp
2024-05-02 13:27:26,268 [INFO] CodeEngine:255 - oldGeneratedFile, C:\Users\kakareka\Documents\GitHub\LiverPerfusion\Code\nucleo_dac\MXTmpFiles\rtos_typedefs.tmp_save
2024-05-02 13:27:26,335 [INFO] CodeEngine:279 - Generated code: C:\Users\kakareka\Documents\GitHub\LiverPerfusion\Code\nucleo_dac\MXTmpFiles\rtos_typedefs.tmp
2024-05-02 13:27:26,344 [INFO] CodeEngine:255 - oldGeneratedFile, C:\Users\kakareka\Documents\GitHub\LiverPerfusion\Code\nucleo_dac\MXTmpFiles\rtos_vars.tmp_save
2024-05-02 13:27:26,418 [INFO] CodeEngine:279 - Generated code: C:\Users\kakareka\Documents\GitHub\LiverPerfusion\Code\nucleo_dac\MXTmpFiles\rtos_vars.tmp
2024-05-02 13:27:26,427 [INFO] CodeEngine:255 - oldGeneratedFile, C:\Users\kakareka\Documents\GitHub\LiverPerfusion\Code\nucleo_dac\MXTmpFiles\rtos_pfp.tmp_save
2024-05-02 13:27:26,493 [INFO] CodeEngine:279 - Generated code: C:\Users\kakareka\Documents\GitHub\LiverPerfusion\Code\nucleo_dac\MXTmpFiles\rtos_pfp.tmp
2024-05-02 13:27:26,501 [INFO] CodeEngine:255 - oldGeneratedFile, C:\Users\kakareka\Documents\GitHub\LiverPerfusion\Code\nucleo_dac\MXTmpFiles\rtos_obj_creat.tmp_save
2024-05-02 13:27:26,571 [INFO] CodeEngine:279 - Generated code: C:\Users\kakareka\Documents\GitHub\LiverPerfusion\Code\nucleo_dac\MXTmpFiles\rtos_obj_creat.tmp
2024-05-02 13:27:26,579 [INFO] CodeEngine:255 - oldGeneratedFile, C:\Users\kakareka\Documents\GitHub\LiverPerfusion\Code\nucleo_dac\MXTmpFiles\rtos_default_thread.tmp_save
2024-05-02 13:27:26,644 [INFO] CodeEngine:279 - Generated code: C:\Users\kakareka\Documents\GitHub\LiverPerfusion\Code\nucleo_dac\MXTmpFiles\rtos_default_thread.tmp
2024-05-02 13:27:26,652 [INFO] CodeEngine:255 - oldGeneratedFile, C:\Users\kakareka\Documents\GitHub\LiverPerfusion\Code\nucleo_dac\MXTmpFiles\rtos_threads.tmp_save
2024-05-02 13:27:26,717 [INFO] CodeEngine:279 - Generated code: C:\Users\kakareka\Documents\GitHub\LiverPerfusion\Code\nucleo_dac\MXTmpFiles\rtos_threads.tmp
2024-05-02 13:27:26,726 [INFO] CodeEngine:255 - oldGeneratedFile, C:\Users\kakareka\Documents\GitHub\LiverPerfusion\Code\nucleo_dac\Core\Inc\FreeRTOSConfig.h_save
2024-05-02 13:27:26,815 [INFO] CodeEngine:279 - Generated code: C:\Users\kakareka\Documents\GitHub\LiverPerfusion\Code\nucleo_dac\Core\Inc\FreeRTOSConfig.h
2024-05-02 13:27:26,825 [INFO] CodeEngine:255 - oldGeneratedFile, C:\Users\kakareka\Documents\GitHub\LiverPerfusion\Code\nucleo_dac\Core\Src\freertos.c_save
2024-05-02 13:27:26,909 [INFO] CodeEngine:279 - Generated code: C:\Users\kakareka\Documents\GitHub\LiverPerfusion\Code\nucleo_dac\Core\Src\freertos.c
2024-05-02 13:27:26,932 [INFO] CodeEngine:255 - oldGeneratedFile, C:\Users\kakareka\Documents\GitHub\LiverPerfusion\Code\nucleo_dac\Core\Src\stm32f3xx_it.c_save
2024-05-02 13:27:27,039 [INFO] CodeEngine:279 - Generated code: C:\Users\kakareka\Documents\GitHub\LiverPerfusion\Code\nucleo_dac\Core\Src\stm32f3xx_it.c
2024-05-02 13:27:27,049 [INFO] CodeEngine:255 - oldGeneratedFile, C:\Users\kakareka\Documents\GitHub\LiverPerfusion\Code\nucleo_dac\Core\Inc\stm32f3xx_it.h_save
2024-05-02 13:27:27,128 [INFO] CodeEngine:279 - Generated code: C:\Users\kakareka\Documents\GitHub\LiverPerfusion\Code\nucleo_dac\Core\Inc\stm32f3xx_it.h
2024-05-02 13:27:27,148 [INFO] CodeEngine:255 - oldGeneratedFile, C:\Users\kakareka\Documents\GitHub\LiverPerfusion\Code\nucleo_dac\Core\Src\stm32f3xx_hal_msp.c_save
2024-05-02 13:27:27,274 [INFO] CodeEngine:279 - Generated code: C:\Users\kakareka\Documents\GitHub\LiverPerfusion\Code\nucleo_dac\Core\Src\stm32f3xx_hal_msp.c
2024-05-02 13:27:27,281 [INFO] CodeEngine:255 - oldGeneratedFile, C:\Users\kakareka\Documents\GitHub\LiverPerfusion\Code\nucleo_dac\MXTmpFiles\system.tmp_save
2024-05-02 13:27:27,349 [INFO] CodeEngine:279 - Generated code: C:\Users\kakareka\Documents\GitHub\LiverPerfusion\Code\nucleo_dac\MXTmpFiles\system.tmp
2024-05-02 13:27:27,366 [INFO] CodeEngine:311 - oldGeneratedFile, C:\Users\kakareka\Documents\GitHub\LiverPerfusion\Code\nucleo_dac\Core\Inc\stm32f3xx_hal_conf.h_save
2024-05-02 13:27:27,445 [INFO] CodeEngine:335 - Generated code: C:\Users\kakareka\Documents\GitHub\LiverPerfusion\Code\nucleo_dac\Core\Inc\stm32f3xx_hal_conf.h
2024-05-02 13:27:27,477 [WARN] IPConfigManager:3431 - IP not found : TIM
2024-05-02 13:27:27,478 [WARN] CodeGenerator:3764 - IP not found : null
2024-05-02 13:27:27,490 [INFO] CodeEngine:255 - oldGeneratedFile, C:\Users\kakareka\Documents\GitHub\LiverPerfusion\Code\nucleo_dac\Core\Inc\main.h_save
2024-05-02 13:27:27,587 [INFO] CodeEngine:279 - Generated code: C:\Users\kakareka\Documents\GitHub\LiverPerfusion\Code\nucleo_dac\Core\Inc\main.h
2024-05-02 13:27:27,597 [INFO] CodeEngine:255 - oldGeneratedFile, C:\Users\kakareka\Documents\GitHub\LiverPerfusion\Code\nucleo_dac\Core\Src\main.c_save
2024-05-02 13:27:27,784 [INFO] CodeEngine:279 - Generated code: C:\Users\kakareka\Documents\GitHub\LiverPerfusion\Code\nucleo_dac\Core\Src\main.c
2024-05-02 13:27:28,609 [INFO] ProjectBuilder:3064 - Time for Copy HAL[1] : 393mS.
2024-05-02 13:27:28,620 [INFO] ProjectBuilder:4404 - Project Generator version: 4.1.0
2024-05-02 13:27:28,881 [INFO] ConfigFileManager:1457 - The Die is : DIE438
2024-05-02 13:27:28,885 [INFO] ApiDbMcu:507 - Load IP Config File for FATFS
2024-05-02 13:27:28,898 [INFO] ApiDbMcu:507 - Load IP Config File for TOUCHSENSING
2024-05-02 13:27:29,573 [INFO] LogOutputStream:77 - [STDOUT_REDIRECT] 
2024-05-02 13:27:30,894 [INFO] ProjectBuilder:4626 - Time for Generating toolchain IDE Files: 2274mS.
2024-05-02 13:27:30,896 [INFO] ProjectBuilder:2935 - Time for Copy CMSIS : 2mS.
2024-05-02 13:27:30,908 [INFO] ProjectBuilder:2935 - Time for Copy CMSIS : 0mS.
2024-05-02 13:41:11,989 [INFO] NvicIntPanel:101 - NVIC parent = com.st.microxplorer.plugins.ip.nvic.MultiNvicIntPanel[,0,0,0x0,invalid,layout=javax.swing.BoxLayout,alignmentX=0.0,alignmentY=0.0,border=,flags=9,maximumSize=,minimumSize=,preferredSize=]
2024-05-02 13:41:16,086 [INFO] UtilMem:75 - End SaveConfig() Used Memory: 667573600 Bytes (1073741824)
2024-05-02 13:41:22,285 [INFO] UtilMem:75 - End SaveConfig() Used Memory: 802839864 Bytes (1073741824)
2024-05-02 13:41:22,528 [INFO] BlockDiagram:2759 - set Specific Code input for plugin: NVIC
2024-05-02 13:41:22,528 [INFO] BlockDiagram:2759 - set Specific Code input for plugin: FREERTOS
2024-05-02 13:41:22,528 [INFO] BlockDiagram:2759 - set Specific Code input for plugin: USART
2024-05-02 13:41:22,528 [INFO] BlockDiagram:2759 - set Specific Code input for plugin: DAC
2024-05-02 13:41:22,528 [INFO] BlockDiagram:2759 - set Specific Code input for plugin: DAC
2024-05-02 13:41:22,528 [INFO] BlockDiagram:2759 - set Specific Code input for plugin: SYS
2024-05-02 13:41:22,528 [INFO] BlockDiagram:2759 - set Specific Code input for plugin: GPIO
2024-05-02 13:41:22,528 [INFO] BlockDiagram:2759 - set Specific Code input for plugin: RCC
2024-05-02 13:41:22,530 [INFO] CodeGenerator:799 - code generatio: config db path: C:\ST\STM32CubeIDE_1.13.2\STM32CubeIDE\plugins\com.st.stm32cube.common.mx_6.9.2.202309101412\\db\
2024-05-02 13:41:22,694 [INFO] CodeEngine:255 - oldGeneratedFile, C:\Users\kakareka\Documents\GitHub\LiverPerfusion\Code\nucleo_dac\MXTmpFiles\license.tmp_save
2024-05-02 13:41:22,816 [INFO] CodeEngine:279 - Generated code: C:\Users\kakareka\Documents\GitHub\LiverPerfusion\Code\nucleo_dac\MXTmpFiles\license.tmp
2024-05-02 13:41:22,845 [INFO] CodeEngine:255 - oldGeneratedFile, C:\Users\kakareka\Documents\GitHub\LiverPerfusion\Code\nucleo_dac\MXTmpFiles\gpio.tmp_save
2024-05-02 13:41:22,928 [INFO] CodeEngine:279 - Generated code: C:\Users\kakareka\Documents\GitHub\LiverPerfusion\Code\nucleo_dac\MXTmpFiles\gpio.tmp
2024-05-02 13:41:23,052 [INFO] Middleware:1439 - No code input for Bsp Dependency
2024-05-02 13:41:23,062 [INFO] CodeEngine:255 - oldGeneratedFile, C:\Users\kakareka\Documents\GitHub\LiverPerfusion\Code\nucleo_dac\MXTmpFiles\rtos_inc.tmp_save
2024-05-02 13:41:23,130 [INFO] CodeEngine:279 - Generated code: C:\Users\kakareka\Documents\GitHub\LiverPerfusion\Code\nucleo_dac\MXTmpFiles\rtos_inc.tmp
2024-05-02 13:41:23,136 [INFO] CodeEngine:255 - oldGeneratedFile, C:\Users\kakareka\Documents\GitHub\LiverPerfusion\Code\nucleo_dac\MXTmpFiles\rtos_kernelInit.tmp_save
2024-05-02 13:41:23,208 [INFO] CodeEngine:279 - Generated code: C:\Users\kakareka\Documents\GitHub\LiverPerfusion\Code\nucleo_dac\MXTmpFiles\rtos_kernelInit.tmp
2024-05-02 13:41:23,215 [INFO] CodeEngine:255 - oldGeneratedFile, C:\Users\kakareka\Documents\GitHub\LiverPerfusion\Code\nucleo_dac\MXTmpFiles\rtos_kernelStart.tmp_save
2024-05-02 13:41:23,282 [INFO] CodeEngine:279 - Generated code: C:\Users\kakareka\Documents\GitHub\LiverPerfusion\Code\nucleo_dac\MXTmpFiles\rtos_kernelStart.tmp
2024-05-02 13:41:23,289 [INFO] CodeEngine:255 - oldGeneratedFile, C:\Users\kakareka\Documents\GitHub\LiverPerfusion\Code\nucleo_dac\MXTmpFiles\rtos_typedefs.tmp_save
2024-05-02 13:41:23,360 [INFO] CodeEngine:279 - Generated code: C:\Users\kakareka\Documents\GitHub\LiverPerfusion\Code\nucleo_dac\MXTmpFiles\rtos_typedefs.tmp
2024-05-02 13:41:23,365 [INFO] CodeEngine:255 - oldGeneratedFile, C:\Users\kakareka\Documents\GitHub\LiverPerfusion\Code\nucleo_dac\MXTmpFiles\rtos_vars.tmp_save
2024-05-02 13:41:23,436 [INFO] CodeEngine:279 - Generated code: C:\Users\kakareka\Documents\GitHub\LiverPerfusion\Code\nucleo_dac\MXTmpFiles\rtos_vars.tmp
2024-05-02 13:41:23,441 [INFO] CodeEngine:255 - oldGeneratedFile, C:\Users\kakareka\Documents\GitHub\LiverPerfusion\Code\nucleo_dac\MXTmpFiles\rtos_pfp.tmp_save
2024-05-02 13:41:23,507 [INFO] CodeEngine:279 - Generated code: C:\Users\kakareka\Documents\GitHub\LiverPerfusion\Code\nucleo_dac\MXTmpFiles\rtos_pfp.tmp
2024-05-02 13:41:23,513 [INFO] CodeEngine:255 - oldGeneratedFile, C:\Users\kakareka\Documents\GitHub\LiverPerfusion\Code\nucleo_dac\MXTmpFiles\rtos_obj_creat.tmp_save
2024-05-02 13:41:23,607 [INFO] CodeEngine:279 - Generated code: C:\Users\kakareka\Documents\GitHub\LiverPerfusion\Code\nucleo_dac\MXTmpFiles\rtos_obj_creat.tmp
2024-05-02 13:41:23,614 [INFO] CodeEngine:255 - oldGeneratedFile, C:\Users\kakareka\Documents\GitHub\LiverPerfusion\Code\nucleo_dac\MXTmpFiles\rtos_default_thread.tmp_save
2024-05-02 13:41:23,691 [INFO] CodeEngine:279 - Generated code: C:\Users\kakareka\Documents\GitHub\LiverPerfusion\Code\nucleo_dac\MXTmpFiles\rtos_default_thread.tmp
2024-05-02 13:41:23,697 [INFO] CodeEngine:255 - oldGeneratedFile, C:\Users\kakareka\Documents\GitHub\LiverPerfusion\Code\nucleo_dac\MXTmpFiles\rtos_threads.tmp_save
2024-05-02 13:41:23,769 [INFO] CodeEngine:279 - Generated code: C:\Users\kakareka\Documents\GitHub\LiverPerfusion\Code\nucleo_dac\MXTmpFiles\rtos_threads.tmp
2024-05-02 13:41:23,787 [INFO] Middleware:1439 - No code input for Bsp Dependency
2024-05-02 13:41:23,799 [INFO] CodeEngine:255 - oldGeneratedFile, C:\Users\kakareka\Documents\GitHub\LiverPerfusion\Code\nucleo_dac\MXTmpFiles\rtos_inc.tmp_save
2024-05-02 13:41:23,881 [INFO] CodeEngine:279 - Generated code: C:\Users\kakareka\Documents\GitHub\LiverPerfusion\Code\nucleo_dac\MXTmpFiles\rtos_inc.tmp
2024-05-02 13:41:23,890 [INFO] CodeEngine:255 - oldGeneratedFile, C:\Users\kakareka\Documents\GitHub\LiverPerfusion\Code\nucleo_dac\MXTmpFiles\rtos_kernelInit.tmp_save
2024-05-02 13:41:23,959 [INFO] CodeEngine:279 - Generated code: C:\Users\kakareka\Documents\GitHub\LiverPerfusion\Code\nucleo_dac\MXTmpFiles\rtos_kernelInit.tmp
2024-05-02 13:41:23,968 [INFO] CodeEngine:255 - oldGeneratedFile, C:\Users\kakareka\Documents\GitHub\LiverPerfusion\Code\nucleo_dac\MXTmpFiles\rtos_kernelStart.tmp_save
2024-05-02 13:41:24,038 [INFO] CodeEngine:279 - Generated code: C:\Users\kakareka\Documents\GitHub\LiverPerfusion\Code\nucleo_dac\MXTmpFiles\rtos_kernelStart.tmp
2024-05-02 13:41:24,046 [INFO] CodeEngine:255 - oldGeneratedFile, C:\Users\kakareka\Documents\GitHub\LiverPerfusion\Code\nucleo_dac\MXTmpFiles\rtos_typedefs.tmp_save
2024-05-02 13:41:24,113 [INFO] CodeEngine:279 - Generated code: C:\Users\kakareka\Documents\GitHub\LiverPerfusion\Code\nucleo_dac\MXTmpFiles\rtos_typedefs.tmp
2024-05-02 13:41:24,121 [INFO] CodeEngine:255 - oldGeneratedFile, C:\Users\kakareka\Documents\GitHub\LiverPerfusion\Code\nucleo_dac\MXTmpFiles\rtos_vars.tmp_save
2024-05-02 13:41:24,188 [INFO] CodeEngine:279 - Generated code: C:\Users\kakareka\Documents\GitHub\LiverPerfusion\Code\nucleo_dac\MXTmpFiles\rtos_vars.tmp
2024-05-02 13:41:24,197 [INFO] CodeEngine:255 - oldGeneratedFile, C:\Users\kakareka\Documents\GitHub\LiverPerfusion\Code\nucleo_dac\MXTmpFiles\rtos_pfp.tmp_save
2024-05-02 13:41:24,262 [INFO] CodeEngine:279 - Generated code: C:\Users\kakareka\Documents\GitHub\LiverPerfusion\Code\nucleo_dac\MXTmpFiles\rtos_pfp.tmp
2024-05-02 13:41:24,271 [INFO] CodeEngine:255 - oldGeneratedFile, C:\Users\kakareka\Documents\GitHub\LiverPerfusion\Code\nucleo_dac\MXTmpFiles\rtos_obj_creat.tmp_save
2024-05-02 13:41:24,339 [INFO] CodeEngine:279 - Generated code: C:\Users\kakareka\Documents\GitHub\LiverPerfusion\Code\nucleo_dac\MXTmpFiles\rtos_obj_creat.tmp
2024-05-02 13:41:24,347 [INFO] CodeEngine:255 - oldGeneratedFile, C:\Users\kakareka\Documents\GitHub\LiverPerfusion\Code\nucleo_dac\MXTmpFiles\rtos_default_thread.tmp_save
2024-05-02 13:41:24,412 [INFO] CodeEngine:279 - Generated code: C:\Users\kakareka\Documents\GitHub\LiverPerfusion\Code\nucleo_dac\MXTmpFiles\rtos_default_thread.tmp
2024-05-02 13:41:24,420 [INFO] CodeEngine:255 - oldGeneratedFile, C:\Users\kakareka\Documents\GitHub\LiverPerfusion\Code\nucleo_dac\MXTmpFiles\rtos_threads.tmp_save
2024-05-02 13:41:24,486 [INFO] CodeEngine:279 - Generated code: C:\Users\kakareka\Documents\GitHub\LiverPerfusion\Code\nucleo_dac\MXTmpFiles\rtos_threads.tmp
2024-05-02 13:41:24,494 [INFO] CodeEngine:255 - oldGeneratedFile, C:\Users\kakareka\Documents\GitHub\LiverPerfusion\Code\nucleo_dac\Core\Inc\FreeRTOSConfig.h_save
2024-05-02 13:41:24,579 [INFO] CodeEngine:279 - Generated code: C:\Users\kakareka\Documents\GitHub\LiverPerfusion\Code\nucleo_dac\Core\Inc\FreeRTOSConfig.h
2024-05-02 13:41:24,587 [INFO] CodeEngine:255 - oldGeneratedFile, C:\Users\kakareka\Documents\GitHub\LiverPerfusion\Code\nucleo_dac\Core\Src\freertos.c_save
2024-05-02 13:41:24,663 [INFO] CodeEngine:279 - Generated code: C:\Users\kakareka\Documents\GitHub\LiverPerfusion\Code\nucleo_dac\Core\Src\freertos.c
2024-05-02 13:41:24,682 [INFO] CodeEngine:255 - oldGeneratedFile, C:\Users\kakareka\Documents\GitHub\LiverPerfusion\Code\nucleo_dac\Core\Src\stm32f3xx_it.c_save
2024-05-02 13:41:24,864 [INFO] CodeEngine:279 - Generated code: C:\Users\kakareka\Documents\GitHub\LiverPerfusion\Code\nucleo_dac\Core\Src\stm32f3xx_it.c
2024-05-02 13:41:24,876 [INFO] CodeEngine:255 - oldGeneratedFile, C:\Users\kakareka\Documents\GitHub\LiverPerfusion\Code\nucleo_dac\Core\Inc\stm32f3xx_it.h_save
2024-05-02 13:41:24,953 [INFO] CodeEngine:279 - Generated code: C:\Users\kakareka\Documents\GitHub\LiverPerfusion\Code\nucleo_dac\Core\Inc\stm32f3xx_it.h
2024-05-02 13:41:24,972 [INFO] CodeEngine:255 - oldGeneratedFile, C:\Users\kakareka\Documents\GitHub\LiverPerfusion\Code\nucleo_dac\Core\Src\stm32f3xx_hal_msp.c_save
2024-05-02 13:41:25,101 [INFO] CodeEngine:279 - Generated code: C:\Users\kakareka\Documents\GitHub\LiverPerfusion\Code\nucleo_dac\Core\Src\stm32f3xx_hal_msp.c
2024-05-02 13:41:25,110 [INFO] CodeEngine:255 - oldGeneratedFile, C:\Users\kakareka\Documents\GitHub\LiverPerfusion\Code\nucleo_dac\MXTmpFiles\system.tmp_save
2024-05-02 13:41:25,174 [INFO] CodeEngine:279 - Generated code: C:\Users\kakareka\Documents\GitHub\LiverPerfusion\Code\nucleo_dac\MXTmpFiles\system.tmp
2024-05-02 13:41:25,190 [INFO] CodeEngine:311 - oldGeneratedFile, C:\Users\kakareka\Documents\GitHub\LiverPerfusion\Code\nucleo_dac\Core\Inc\stm32f3xx_hal_conf.h_save
2024-05-02 13:41:25,268 [INFO] CodeEngine:335 - Generated code: C:\Users\kakareka\Documents\GitHub\LiverPerfusion\Code\nucleo_dac\Core\Inc\stm32f3xx_hal_conf.h
2024-05-02 13:41:25,303 [INFO] CodeEngine:255 - oldGeneratedFile, C:\Users\kakareka\Documents\GitHub\LiverPerfusion\Code\nucleo_dac\Core\Inc\main.h_save
2024-05-02 13:41:25,389 [INFO] CodeEngine:279 - Generated code: C:\Users\kakareka\Documents\GitHub\LiverPerfusion\Code\nucleo_dac\Core\Inc\main.h
2024-05-02 13:41:25,398 [INFO] CodeEngine:255 - oldGeneratedFile, C:\Users\kakareka\Documents\GitHub\LiverPerfusion\Code\nucleo_dac\Core\Src\main.c_save
2024-05-02 13:41:25,549 [INFO] CodeEngine:279 - Generated code: C:\Users\kakareka\Documents\GitHub\LiverPerfusion\Code\nucleo_dac\Core\Src\main.c
2024-05-02 13:41:26,286 [INFO] ProjectBuilder:3064 - Time for Copy HAL[1] : 336mS.
2024-05-02 13:41:26,292 [INFO] ProjectBuilder:4404 - Project Generator version: 4.1.0
2024-05-02 13:41:26,523 [INFO] ConfigFileManager:1457 - The Die is : DIE438
2024-05-02 13:41:28,030 [INFO] ProjectBuilder:4626 - Time for Generating toolchain IDE Files: 1738mS.
2024-05-02 13:41:28,031 [INFO] ProjectBuilder:2935 - Time for Copy CMSIS : 1mS.
2024-05-02 13:41:28,041 [INFO] ProjectBuilder:2935 - Time for Copy CMSIS : 0mS.
2024-05-02 14:59:31,164 [ERROR] LogOutputStream:75 - [STDERR_REDIRECT] Exception in thread "AWT-EventQueue-0" java.awt.IllegalComponentStateException: Native resources unavailable
2024-05-02 14:59:31,166 [ERROR] LogOutputStream:75 - [STDERR_REDIRECT] 	at java.desktop/sun.awt.windows.WWindowPeer.getScreenImOn(Native Method)
2024-05-02 14:59:31,167 [ERROR] LogOutputStream:75 - [STDERR_REDIRECT] 	at java.desktop/sun.awt.windows.WWindowPeer.updateGC(WWindowPeer.java:566)
2024-05-02 14:59:31,169 [ERROR] LogOutputStream:75 - [STDERR_REDIRECT] 	at java.desktop/java.awt.event.InvocationEvent.dispatch(InvocationEvent.java:318)
2024-05-02 14:59:31,170 [ERROR] LogOutputStream:75 - [STDERR_REDIRECT] 	at java.desktop/java.awt.EventQueue.dispatchEventImpl(EventQueue.java:771)
2024-05-02 14:59:31,172 [ERROR] LogOutputStream:75 - [STDERR_REDIRECT] 	at java.desktop/java.awt.EventQueue$4.run(EventQueue.java:722)
2024-05-02 14:59:31,173 [ERROR] LogOutputStream:75 - [STDERR_REDIRECT] 	at java.desktop/java.awt.EventQueue$4.run(EventQueue.java:716)
2024-05-02 14:59:31,175 [ERROR] LogOutputStream:75 - [STDERR_REDIRECT] 	at java.base/java.security.AccessController.doPrivileged(AccessController.java:399)
2024-05-02 14:59:31,177 [ERROR] LogOutputStream:75 - [STDERR_REDIRECT] 	at java.base/java.security.ProtectionDomain$JavaSecurityAccessImpl.doIntersectionPrivilege(ProtectionDomain.java:86)
2024-05-02 14:59:31,179 [ERROR] LogOutputStream:75 - [STDERR_REDIRECT] 	at java.base/java.security.ProtectionDomain$JavaSecurityAccessImpl.doIntersectionPrivilege(ProtectionDomain.java:97)
2024-05-02 14:59:31,180 [ERROR] LogOutputStream:75 - [STDERR_REDIRECT] 	at java.desktop/java.awt.EventQueue$5.run(EventQueue.java:746)
2024-05-02 14:59:31,182 [ERROR] LogOutputStream:75 - [STDERR_REDIRECT] 	at java.desktop/java.awt.EventQueue$5.run(EventQueue.java:744)
2024-05-02 14:59:31,184 [ERROR] LogOutputStream:75 - [STDERR_REDIRECT] 	at java.base/java.security.AccessController.doPrivileged(AccessController.java:399)
2024-05-02 14:59:31,186 [ERROR] LogOutputStream:75 - [STDERR_REDIRECT] 	at java.base/java.security.ProtectionDomain$JavaSecurityAccessImpl.doIntersectionPrivilege(ProtectionDomain.java:86)
2024-05-02 14:59:31,187 [ERROR] LogOutputStream:75 - [STDERR_REDIRECT] 	at java.desktop/java.awt.EventQueue.dispatchEvent(EventQueue.java:743)
2024-05-02 14:59:31,189 [ERROR] LogOutputStream:75 - [STDERR_REDIRECT] 	at java.desktop/java.awt.EventDispatchThread.pumpOneEventForFilters(EventDispatchThread.java:203)
2024-05-02 14:59:31,191 [ERROR] LogOutputStream:75 - [STDERR_REDIRECT] 	at java.desktop/java.awt.EventDispatchThread.pumpEventsForFilter(EventDispatchThread.java:124)
2024-05-02 14:59:31,193 [ERROR] LogOutputStream:75 - [STDERR_REDIRECT] 	at java.desktop/java.awt.EventDispatchThread.pumpEventsForHierarchy(EventDispatchThread.java:113)
2024-05-02 14:59:31,194 [ERROR] LogOutputStream:75 - [STDERR_REDIRECT] 	at java.desktop/java.awt.EventDispatchThread.pumpEvents(EventDispatchThread.java:109)
2024-05-02 14:59:31,196 [ERROR] LogOutputStream:75 - [STDERR_REDIRECT] 	at java.desktop/java.awt.EventDispatchThread.pumpEvents(EventDispatchThread.java:101)
2024-05-02 14:59:31,198 [ERROR] LogOutputStream:75 - [STDERR_REDIRECT] 	at java.desktop/java.awt.EventDispatchThread.run(EventDispatchThread.java:90)
